srun: error: WARNING: switches lack access to 1 nodes: cn272
Importing core modules
 Using computational backend numpy on cpu
 Runtime settings are now locked

This is Veros v0+untagged.1783.ge272e4a.dirty, but the given setup was generated with v0+untagged.1774.g4039f76.dirty. Consider switching to this version of Veros or updating your setup file.

Running model setup
Initializing streamfunction method
 Solving for boundary contribution by island 0
 Solving for boundary contribution by island 1
 Running diagnostic "averages" every 10.0 minutes
 Writing output for diagnostic "averages" every 1.0 years
 Running diagnostic "energy" every 10.0 minutes
 Writing output for diagnostic "energy" every 10.0 minutes
 Writing output for diagnostic "acc_monitor" every 10.0 minutes
Reading restart data from acc_runs/acc_simulation_quarter_no_param/acc_simulation_quarter_no_param_rerun_250000.restart.h5

Starting integration for 19.5 days
 Current iteration: 0     (9.65/9.70y |  0.0% | 0.00s/(model year) | 0.0s left)
 Current iteration: 1     (9.65/9.70y |  0.0% | 4.15d/(model year) | 5.4h left)
 Current iteration: 2     (9.65/9.70y |  0.1% | 2.15d/(model year) | 2.8h left)
 Current iteration: 3     (9.65/9.70y |  0.1% | 1.49d/(model year) | 1.9h left)
 Current iteration: 4     (9.65/9.70y |  0.1% | 1.20d/(model year) | 1.6h left)
 Current iteration: 5     (9.65/9.70y |  0.2% | 1.71d/(model year) | 2.2h left)
 Current iteration: 6     (9.65/9.70y |  0.2% | 1.69d/(model year) | 2.2h left)
 Current iteration: 7     (9.65/9.70y |  0.2% | 1.87d/(model year) | 2.4h left)
 Current iteration: 8     (9.65/9.70y |  0.3% | 1.66d/(model year) | 2.2h left)
 Current iteration: 9     (9.65/9.70y |  0.3% | 1.51d/(model year) | 2.0h left)
 Current iteration: 10    (9.65/9.70y |  0.4% | 1.38d/(model year) | 1.8h left)
 Current iteration: 11    (9.65/9.70y |  0.4% | 1.27d/(model year) | 1.6h left)
 Current iteration: 12    (9.65/9.70y |  0.4% | 1.20d/(model year) | 1.5h left)
 Current iteration: 13    (9.65/9.70y |  0.5% | 1.12d/(model year) | 1.4h left)
 Current iteration: 14    (9.65/9.70y |  0.5% | 1.05d/(model year) | 1.4h left)
 Current iteration: 15    (9.65/9.70y |  0.5% | 23.85h/(model year) | 1.3h left)
 Current iteration: 16    (9.65/9.70y |  0.6% | 22.60h/(model year) | 1.2h left)
 Current iteration: 17    (9.65/9.70y |  0.6% | 21.49h/(model year) | 1.2h left)
 Current iteration: 18    (9.65/9.70y |  0.6% | 20.81h/(model year) | 1.1h left)
 Current iteration: 19    (9.65/9.70y |  0.7% | 1.01d/(model year) | 1.3h left)
 Current iteration: 20    (9.65/9.70y |  0.7% | 1.12d/(model year) | 1.4h left)
 Current iteration: 21    (9.65/9.70y |  0.7% | 1.08d/(model year) | 1.4h left)
 Current iteration: 22    (9.65/9.70y |  0.8% | 1.03d/(model year) | 1.3h left)
 Current iteration: 23    (9.65/9.70y |  0.8% | 23.88h/(model year) | 1.3h left)
 Current iteration: 24    (9.65/9.70y |  0.9% | 23.05h/(model year) | 1.2h left)
 Current iteration: 25    (9.65/9.70y |  0.9% | 22.29h/(model year) | 1.2h left)
 Current iteration: 26    (9.65/9.70y |  0.9% | 21.58h/(model year) | 1.2h left)
 Current iteration: 27    (9.65/9.70y |  1.0% | 20.94h/(model year) | 1.1h left)
 Current iteration: 28    (9.65/9.70y |  1.0% | 20.33h/(model year) | 1.1h left)
 Current iteration: 29    (9.65/9.70y |  1.0% | 19.77h/(model year) | 1.1h left)
 Current iteration: 30    (9.65/9.70y |  1.1% | 19.23h/(model year) | 1.0h left)
 Current iteration: 31    (9.65/9.70y |  1.1% | 18.74h/(model year) | 1.0h left)
 Current iteration: 32    (9.65/9.70y |  1.1% | 18.27h/(model year) | 58.6m left)
 Current iteration: 33    (9.65/9.70y |  1.2% | 17.83h/(model year) | 57.2m left)
 Current iteration: 34    (9.65/9.70y |  1.2% | 17.41h/(model year) | 55.8m left)
 Current iteration: 35    (9.65/9.70y |  1.2% | 17.02h/(model year) | 54.6m left)
 Current iteration: 36    (9.65/9.70y |  1.3% | 16.70h/(model year) | 53.5m left)
 Current iteration: 37    (9.65/9.70y |  1.3% | 16.36h/(model year) | 52.4m left)
 Current iteration: 38    (9.65/9.70y |  1.4% | 16.03h/(model year) | 51.3m left)
 Current iteration: 39    (9.65/9.70y |  1.4% | 15.71h/(model year) | 50.3m left)
 Current iteration: 40    (9.65/9.70y |  1.4% | 15.41h/(model year) | 49.3m left)
 Current iteration: 41    (9.65/9.70y |  1.5% | 15.18h/(model year) | 48.6m left)
 Current iteration: 42    (9.65/9.70y |  1.5% | 14.91h/(model year) | 47.7m left)
 Current iteration: 43    (9.65/9.70y |  1.5% | 14.65h/(model year) | 46.8m left)
 Current iteration: 44    (9.65/9.70y |  1.6% | 14.40h/(model year) | 46.0m left)
 Current iteration: 45    (9.65/9.70y |  1.6% | 14.16h/(model year) | 45.2m left)
 Current iteration: 46    (9.65/9.70y |  1.6% | 13.95h/(model year) | 44.6m left)
 Current iteration: 47    (9.65/9.70y |  1.7% | 13.75h/(model year) | 43.9m left)
 Current iteration: 48    (9.65/9.70y |  1.7% | 13.54h/(model year) | 43.2m left)
 Current iteration: 49    (9.65/9.70y |  1.7% | 13.34h/(model year) | 42.6m left)
 Current iteration: 50    (9.65/9.70y |  1.8% | 13.15h/(model year) | 41.9m left)
 Current iteration: 51    (9.65/9.70y |  1.8% | 12.97h/(model year) | 41.3m left)
 Current iteration: 52    (9.65/9.70y |  1.9% | 12.79h/(model year) | 40.8m left)
 Current iteration: 53    (9.65/9.70y |  1.9% | 12.62h/(model year) | 40.2m left)
 Current iteration: 54    (9.65/9.70y |  1.9% | 12.46h/(model year) | 39.7m left)
 Current iteration: 55    (9.65/9.70y |  2.0% | 12.31h/(model year) | 39.2m left)
 Current iteration: 56    (9.65/9.70y |  2.0% | 12.16h/(model year) | 38.7m left)
 Current iteration: 57    (9.65/9.70y |  2.0% | 12.01h/(model year) | 38.2m left)
 Current iteration: 58    (9.65/9.70y |  2.1% | 11.87h/(model year) | 37.7m left)
 Current iteration: 59    (9.65/9.70y |  2.1% | 11.73h/(model year) | 37.3m left)
 Current iteration: 60    (9.65/9.70y |  2.1% | 11.60h/(model year) | 36.9m left)
 Current iteration: 61    (9.65/9.70y |  2.2% | 11.48h/(model year) | 36.5m left)
 Current iteration: 62    (9.65/9.70y |  2.2% | 11.35h/(model year) | 36.0m left)
 Current iteration: 63    (9.65/9.70y |  2.2% | 11.28h/(model year) | 35.8m left)
 Current iteration: 64    (9.65/9.70y |  2.3% | 11.16h/(model year) | 35.4m left)
 Current iteration: 65    (9.65/9.70y |  2.3% | 11.05h/(model year) | 35.0m left)
 Current iteration: 66    (9.65/9.70y |  2.4% | 10.94h/(model year) | 34.7m left)
 Current iteration: 67    (9.65/9.70y |  2.4% | 10.84h/(model year) | 34.3m left)
 Current iteration: 68    (9.65/9.70y |  2.4% | 10.74h/(model year) | 34.0m left)
 Current iteration: 69    (9.65/9.70y |  2.5% | 10.64h/(model year) | 33.7m left)
 Current iteration: 70    (9.65/9.70y |  2.5% | 10.55h/(model year) | 33.4m left)
 Current iteration: 71    (9.65/9.70y |  2.5% | 10.45h/(model year) | 33.1m left)
 Current iteration: 72    (9.65/9.70y |  2.6% | 10.36h/(model year) | 32.8m left)
 Current iteration: 73    (9.65/9.70y |  2.6% | 10.31h/(model year) | 32.6m left)
 Current iteration: 74    (9.65/9.70y |  2.6% | 10.24h/(model year) | 32.4m left)
 Current iteration: 75    (9.65/9.70y |  2.7% | 10.15h/(model year) | 32.1m left)
 Current iteration: 76    (9.65/9.70y |  2.7% | 10.07h/(model year) | 31.8m left)
 Current iteration: 77    (9.65/9.70y |  2.7% | 10.00h/(model year) | 31.6m left)
 Current iteration: 78    (9.65/9.70y |  2.8% | 9.93h/(model year) | 31.3m left)
 Current iteration: 79    (9.65/9.70y |  2.8% | 9.85h/(model year) | 31.1m left)
 Current iteration: 80    (9.65/9.70y |  2.9% | 9.78h/(model year) | 30.8m left)
 Current iteration: 81    (9.65/9.70y |  2.9% | 9.71h/(model year) | 30.6m left)
 Current iteration: 82    (9.65/9.70y |  2.9% | 9.64h/(model year) | 30.4m left)
 Current iteration: 83    (9.65/9.70y |  3.0% | 9.57h/(model year) | 30.2m left)
 Current iteration: 84    (9.65/9.70y |  3.0% | 9.51h/(model year) | 29.9m left)
 Current iteration: 85    (9.65/9.70y |  3.0% | 9.44h/(model year) | 29.7m left)
 Current iteration: 86    (9.65/9.70y |  3.1% | 9.38h/(model year) | 29.5m left)
 Current iteration: 87    (9.65/9.70y |  3.1% | 9.32h/(model year) | 29.3m left)
 Current iteration: 88    (9.65/9.70y |  3.1% | 9.26h/(model year) | 29.1m left)
 Current iteration: 89    (9.65/9.70y |  3.2% | 9.21h/(model year) | 29.0m left)
 Current iteration: 90    (9.65/9.70y |  3.2% | 9.15h/(model year) | 28.8m left)
 Current iteration: 91    (9.65/9.70y |  3.2% | 9.10h/(model year) | 28.6m left)
 Current iteration: 92    (9.65/9.70y |  3.3% | 9.04h/(model year) | 28.4m left)
 Current iteration: 93    (9.65/9.70y |  3.3% | 9.03h/(model year) | 28.3m left)
 Current iteration: 94    (9.65/9.70y |  3.4% | 8.97h/(model year) | 28.2m left)
 Current iteration: 95    (9.65/9.70y |  3.4% | 8.92h/(model year) | 28.0m left)
 Current iteration: 96    (9.65/9.70y |  3.4% | 8.87h/(model year) | 27.8m left)
 Current iteration: 97    (9.65/9.70y |  3.5% | 8.82h/(model year) | 27.6m left)
 Current iteration: 98    (9.65/9.70y |  3.5% | 8.78h/(model year) | 27.5m left)
 Current iteration: 99    (9.65/9.70y |  3.5% | 8.73h/(model year) | 27.3m left)
 Current iteration: 100   (9.65/9.70y |  3.6% | 8.68h/(model year) | 27.2m left)
 Current iteration: 101   (9.65/9.70y |  3.6% | 8.64h/(model year) | 27.0m left)
 Current iteration: 102   (9.65/9.70y |  3.6% | 8.59h/(model year) | 26.9m left)
 Current iteration: 103   (9.65/9.70y |  3.7% | 8.55h/(model year) | 26.7m left)
 Current iteration: 104   (9.65/9.70y |  3.7% | 8.52h/(model year) | 26.6m left)
 Current iteration: 105   (9.65/9.70y |  3.7% | 8.48h/(model year) | 26.5m left)
 Current iteration: 106   (9.65/9.70y |  3.8% | 8.45h/(model year) | 26.4m left)
 Current iteration: 107   (9.65/9.70y |  3.8% | 8.41h/(model year) | 26.3m left)
 Current iteration: 108   (9.65/9.70y |  3.9% | 8.37h/(model year) | 26.1m left)
 Current iteration: 109   (9.65/9.70y |  3.9% | 8.33h/(model year) | 26.0m left)
 Current iteration: 110   (9.65/9.70y |  3.9% | 8.29h/(model year) | 25.9m left)
 Current iteration: 111   (9.65/9.70y |  4.0% | 8.25h/(model year) | 25.7m left)
 Current iteration: 112   (9.65/9.70y |  4.0% | 8.22h/(model year) | 25.6m left)
 Current iteration: 113   (9.65/9.70y |  4.0% | 8.18h/(model year) | 25.5m left)
 Current iteration: 114   (9.65/9.70y |  4.1% | 8.18h/(model year) | 25.5m left)
 Current iteration: 115   (9.65/9.70y |  4.1% | 8.17h/(model year) | 25.5m left)
 Current iteration: 116   (9.65/9.70y |  4.1% | 8.15h/(model year) | 25.4m left)
 Current iteration: 117   (9.65/9.70y |  4.2% | 8.11h/(model year) | 25.2m left)
 Current iteration: 118   (9.65/9.70y |  4.2% | 8.08h/(model year) | 25.1m left)
 Current iteration: 119   (9.65/9.70y |  4.2% | 8.05h/(model year) | 25.0m left)
 Current iteration: 120   (9.65/9.70y |  4.3% | 8.02h/(model year) | 24.9m left)
 Current iteration: 121   (9.65/9.70y |  4.3% | 8.00h/(model year) | 24.9m left)
 Current iteration: 122   (9.65/9.70y |  4.3% | 7.97h/(model year) | 24.7m left)
 Current iteration: 123   (9.65/9.70y |  4.4% | 7.94h/(model year) | 24.6m left)
 Current iteration: 124   (9.65/9.70y |  4.4% | 7.92h/(model year) | 24.6m left)
 Current iteration: 125   (9.65/9.70y |  4.5% | 7.91h/(model year) | 24.5m left)
 Current iteration: 126   (9.65/9.70y |  4.5% | 7.88h/(model year) | 24.4m left)
 Current iteration: 127   (9.65/9.70y |  4.5% | 7.85h/(model year) | 24.3m left)
 Current iteration: 128   (9.65/9.70y |  4.6% | 7.83h/(model year) | 24.2m left)
 Current iteration: 129   (9.65/9.70y |  4.6% | 7.80h/(model year) | 24.2m left)
 Current iteration: 130   (9.65/9.70y |  4.6% | 7.77h/(model year) | 24.1m left)
 Current iteration: 131   (9.65/9.70y |  4.7% | 7.75h/(model year) | 24.0m left)
 Current iteration: 132   (9.65/9.70y |  4.7% | 7.72h/(model year) | 23.9m left)
 Current iteration: 133   (9.65/9.70y |  4.7% | 7.69h/(model year) | 23.8m left)
 Current iteration: 134   (9.65/9.70y |  4.8% | 7.67h/(model year) | 23.7m left)
 Current iteration: 135   (9.65/9.70y |  4.8% | 7.64h/(model year) | 23.6m left)
 Current iteration: 136   (9.65/9.70y |  4.8% | 7.62h/(model year) | 23.5m left)
 Current iteration: 137   (9.65/9.70y |  4.9% | 7.60h/(model year) | 23.5m left)
 Current iteration: 138   (9.65/9.70y |  4.9% | 7.57h/(model year) | 23.4m left)
 Current iteration: 139   (9.65/9.70y |  5.0% | 7.56h/(model year) | 23.3m left)
 Current iteration: 140   (9.65/9.70y |  5.0% | 7.54h/(model year) | 23.2m left)
 Current iteration: 141   (9.65/9.70y |  5.0% | 7.51h/(model year) | 23.2m left)
 Current iteration: 142   (9.65/9.70y |  5.1% | 7.49h/(model year) | 23.1m left)
 Current iteration: 143   (9.65/9.70y |  5.1% | 7.47h/(model year) | 23.0m left)
 Current iteration: 144   (9.65/9.70y |  5.1% | 7.45h/(model year) | 22.9m left)
 Current iteration: 145   (9.65/9.70y |  5.2% | 7.42h/(model year) | 22.9m left)
 Current iteration: 146   (9.65/9.70y |  5.2% | 7.40h/(model year) | 22.8m left)
 Current iteration: 147   (9.65/9.70y |  5.2% | 7.38h/(model year) | 22.7m left)
 Current iteration: 148   (9.65/9.70y |  5.3% | 7.36h/(model year) | 22.6m left)
 Current iteration: 149   (9.65/9.70y |  5.3% | 7.34h/(model year) | 22.6m left)
 Current iteration: 150   (9.65/9.70y |  5.3% | 7.32h/(model year) | 22.5m left)
 Current iteration: 151   (9.65/9.70y |  5.4% | 7.31h/(model year) | 22.4m left)
 Current iteration: 152   (9.65/9.70y |  5.4% | 7.29h/(model year) | 22.4m left)
 Current iteration: 153   (9.65/9.70y |  5.5% | 7.27h/(model year) | 22.3m left)
 Current iteration: 154   (9.65/9.70y |  5.5% | 7.25h/(model year) | 22.2m left)
 Current iteration: 155   (9.65/9.70y |  5.5% | 7.23h/(model year) | 22.2m left)
 Current iteration: 156   (9.65/9.70y |  5.6% | 7.21h/(model year) | 22.1m left)
 Current iteration: 157   (9.65/9.70y |  5.6% | 7.19h/(model year) | 22.0m left)
 Current iteration: 158   (9.65/9.70y |  5.6% | 7.18h/(model year) | 22.0m left)
 Current iteration: 159   (9.65/9.70y |  5.7% | 7.17h/(model year) | 21.9m left)
 Current iteration: 160   (9.65/9.70y |  5.7% | 7.15h/(model year) | 21.9m left)
 Current iteration: 161   (9.65/9.70y |  5.7% | 7.15h/(model year) | 21.9m left)
 Current iteration: 162   (9.65/9.70y |  5.8% | 7.13h/(model year) | 21.8m left)
 Current iteration: 163   (9.65/9.70y |  5.8% | 7.12h/(model year) | 21.8m left)
 Current iteration: 164   (9.65/9.70y |  5.8% | 7.10h/(model year) | 21.7m left)
 Current iteration: 165   (9.65/9.70y |  5.9% | 7.08h/(model year) | 21.6m left)
 Current iteration: 166   (9.65/9.70y |  5.9% | 7.07h/(model year) | 21.6m left)
 Current iteration: 167   (9.65/9.70y |  6.0% | 7.05h/(model year) | 21.5m left)
 Current iteration: 168   (9.65/9.70y |  6.0% | 7.03h/(model year) | 21.5m left)
 Current iteration: 169   (9.65/9.70y |  6.0% | 7.03h/(model year) | 21.4m left)
 Current iteration: 170   (9.65/9.70y |  6.1% | 7.01h/(model year) | 21.4m left)
 Current iteration: 171   (9.65/9.70y |  6.1% | 7.00h/(model year) | 21.3m left)
 Current iteration: 172   (9.65/9.70y |  6.1% | 6.98h/(model year) | 21.3m left)
 Current iteration: 173   (9.65/9.70y |  6.2% | 6.97h/(model year) | 21.2m left)
 Current iteration: 174   (9.65/9.70y |  6.2% | 6.95h/(model year) | 21.2m left)
 Current iteration: 175   (9.65/9.70y |  6.2% | 6.94h/(model year) | 21.1m left)
 Current iteration: 176   (9.65/9.70y |  6.3% | 6.92h/(model year) | 21.1m left)
 Current iteration: 177   (9.65/9.70y |  6.3% | 6.91h/(model year) | 21.0m left)
 Current iteration: 178   (9.65/9.70y |  6.3% | 6.89h/(model year) | 21.0m left)
 Current iteration: 179   (9.65/9.70y |  6.4% | 6.88h/(model year) | 20.9m left)
 Current iteration: 180   (9.65/9.70y |  6.4% | 6.87h/(model year) | 20.9m left)
 Current iteration: 181   (9.65/9.70y |  6.5% | 6.85h/(model year) | 20.8m left)
 Current iteration: 182   (9.65/9.70y |  6.5% | 6.84h/(model year) | 20.8m left)
 Current iteration: 183   (9.65/9.70y |  6.5% | 6.83h/(model year) | 20.7m left)
 Current iteration: 184   (9.65/9.70y |  6.6% | 6.82h/(model year) | 20.7m left)
 Current iteration: 185   (9.65/9.70y |  6.6% | 6.81h/(model year) | 20.7m left)
 Current iteration: 186   (9.65/9.70y |  6.6% | 6.80h/(model year) | 20.6m left)
 Current iteration: 187   (9.65/9.70y |  6.7% | 6.79h/(model year) | 20.6m left)
 Current iteration: 188   (9.65/9.70y |  6.7% | 6.79h/(model year) | 20.6m left)
 Current iteration: 189   (9.65/9.70y |  6.7% | 6.78h/(model year) | 20.5m left)
 Current iteration: 190   (9.65/9.70y |  6.8% | 6.77h/(model year) | 20.5m left)
 Current iteration: 191   (9.65/9.70y |  6.8% | 6.76h/(model year) | 20.5m left)
 Current iteration: 192   (9.65/9.70y |  6.8% | 6.75h/(model year) | 20.4m left)
 Current iteration: 193   (9.65/9.70y |  6.9% | 6.74h/(model year) | 20.4m left)
 Current iteration: 194   (9.65/9.70y |  6.9% | 6.72h/(model year) | 20.3m left)
 Current iteration: 195   (9.65/9.70y |  7.0% | 6.71h/(model year) | 20.3m left)
 Current iteration: 196   (9.65/9.70y |  7.0% | 6.70h/(model year) | 20.2m left)
 Current iteration: 197   (9.65/9.70y |  7.0% | 6.69h/(model year) | 20.2m left)
 Current iteration: 198   (9.65/9.70y |  7.1% | 6.68h/(model year) | 20.2m left)
 Current iteration: 199   (9.65/9.70y |  7.1% | 6.67h/(model year) | 20.1m left)
 Current iteration: 200   (9.65/9.70y |  7.1% | 6.66h/(model year) | 20.1m left)
 Current iteration: 201   (9.65/9.70y |  7.2% | 6.65h/(model year) | 20.0m left)
 Current iteration: 202   (9.65/9.70y |  7.2% | 6.64h/(model year) | 20.0m left)
 Current iteration: 203   (9.65/9.70y |  7.2% | 6.63h/(model year) | 20.0m left)
 Current iteration: 204   (9.65/9.70y |  7.3% | 6.62h/(model year) | 19.9m left)
 Current iteration: 205   (9.65/9.70y |  7.3% | 6.61h/(model year) | 19.9m left)
 Current iteration: 206   (9.65/9.70y |  7.3% | 6.60h/(model year) | 19.8m left)
 Current iteration: 207   (9.65/9.70y |  7.4% | 6.59h/(model year) | 19.8m left)
 Current iteration: 208   (9.65/9.70y |  7.4% | 6.58h/(model year) | 19.8m left)
 Current iteration: 209   (9.65/9.70y |  7.5% | 6.57h/(model year) | 19.7m left)
 Current iteration: 210   (9.65/9.70y |  7.5% | 6.56h/(model year) | 19.7m left)
 Current iteration: 211   (9.65/9.70y |  7.5% | 6.55h/(model year) | 19.7m left)
 Current iteration: 212   (9.65/9.70y |  7.6% | 6.54h/(model year) | 19.6m left)
 Current iteration: 213   (9.65/9.70y |  7.6% | 6.53h/(model year) | 19.6m left)
 Current iteration: 214   (9.65/9.70y |  7.6% | 6.52h/(model year) | 19.5m left)
 Current iteration: 215   (9.65/9.70y |  7.7% | 6.51h/(model year) | 19.5m left)
 Current iteration: 216   (9.65/9.70y |  7.7% | 6.50h/(model year) | 19.5m left)
 Current iteration: 217   (9.65/9.70y |  7.7% | 6.49h/(model year) | 19.4m left)
 Current iteration: 218   (9.65/9.70y |  7.8% | 6.48h/(model year) | 19.4m left)
 Current iteration: 219   (9.65/9.70y |  7.8% | 6.47h/(model year) | 19.4m left)
 Current iteration: 220   (9.65/9.70y |  7.8% | 6.46h/(model year) | 19.3m left)
 Current iteration: 221   (9.65/9.70y |  7.9% | 6.46h/(model year) | 19.3m left)
 Current iteration: 222   (9.65/9.70y |  7.9% | 6.45h/(model year) | 19.3m left)
 Current iteration: 223   (9.65/9.70y |  7.9% | 6.44h/(model year) | 19.2m left)
 Current iteration: 224   (9.65/9.70y |  8.0% | 6.43h/(model year) | 19.2m left)
 Current iteration: 225   (9.65/9.70y |  8.0% | 6.42h/(model year) | 19.2m left)
 Current iteration: 226   (9.65/9.70y |  8.1% | 6.41h/(model year) | 19.1m left)
 Current iteration: 227   (9.65/9.70y |  8.1% | 6.40h/(model year) | 19.1m left)
 Current iteration: 228   (9.65/9.70y |  8.1% | 6.40h/(model year) | 19.1m left)
 Current iteration: 229   (9.65/9.70y |  8.2% | 6.39h/(model year) | 19.0m left)
 Current iteration: 230   (9.65/9.70y |  8.2% | 6.38h/(model year) | 19.0m left)
 Current iteration: 231   (9.65/9.70y |  8.2% | 6.37h/(model year) | 19.0m left)
 Current iteration: 232   (9.65/9.70y |  8.3% | 6.36h/(model year) | 18.9m left)
 Current iteration: 233   (9.65/9.70y |  8.3% | 6.36h/(model year) | 18.9m left)
 Current iteration: 234   (9.65/9.70y |  8.3% | 6.36h/(model year) | 18.9m left)
 Current iteration: 235   (9.65/9.70y |  8.4% | 6.35h/(model year) | 18.9m left)
 Current iteration: 236   (9.65/9.70y |  8.4% | 6.34h/(model year) | 18.9m left)
 Current iteration: 237   (9.65/9.70y |  8.4% | 6.34h/(model year) | 18.8m left)
 Current iteration: 238   (9.65/9.70y |  8.5% | 6.33h/(model year) | 18.8m left)
 Current iteration: 239   (9.65/9.70y |  8.5% | 6.32h/(model year) | 18.8m left)
 Current iteration: 240   (9.65/9.70y |  8.6% | 6.32h/(model year) | 18.8m left)
 Current iteration: 241   (9.65/9.70y |  8.6% | 6.31h/(model year) | 18.7m left)
 Current iteration: 242   (9.65/9.70y |  8.6% | 6.30h/(model year) | 18.7m left)
 Current iteration: 243   (9.65/9.70y |  8.7% | 6.30h/(model year) | 18.7m left)
 Current iteration: 244   (9.65/9.70y |  8.7% | 6.29h/(model year) | 18.7m left)
 Current iteration: 245   (9.65/9.70y |  8.7% | 6.29h/(model year) | 18.6m left)
 Current iteration: 246   (9.65/9.70y |  8.8% | 6.29h/(model year) | 18.6m left)
 Current iteration: 247   (9.65/9.70y |  8.8% | 6.28h/(model year) | 18.6m left)
 Current iteration: 248   (9.65/9.70y |  8.8% | 6.28h/(model year) | 18.6m left)
 Current iteration: 249   (9.65/9.70y |  8.9% | 6.27h/(model year) | 18.5m left)
 Current iteration: 250   (9.65/9.70y |  8.9% | 6.26h/(model year) | 18.5m left)
 Current iteration: 251   (9.65/9.70y |  8.9% | 6.26h/(model year) | 18.5m left)
 Current iteration: 252   (9.65/9.70y |  9.0% | 6.25h/(model year) | 18.5m left)
 Current iteration: 253   (9.65/9.70y |  9.0% | 6.24h/(model year) | 18.4m left)
 Current iteration: 254   (9.65/9.70y |  9.1% | 6.24h/(model year) | 18.4m left)
 Current iteration: 255   (9.65/9.70y |  9.1% | 6.23h/(model year) | 18.4m left)
 Current iteration: 256   (9.65/9.70y |  9.1% | 6.23h/(model year) | 18.4m left)
 Current iteration: 257   (9.65/9.70y |  9.2% | 6.22h/(model year) | 18.4m left)
 Current iteration: 258   (9.65/9.70y |  9.2% | 6.22h/(model year) | 18.3m left)
 Current iteration: 259   (9.65/9.70y |  9.2% | 6.21h/(model year) | 18.3m left)
 Current iteration: 260   (9.65/9.70y |  9.3% | 6.21h/(model year) | 18.3m left)
 Current iteration: 261   (9.65/9.70y |  9.3% | 6.20h/(model year) | 18.3m left)
 Current iteration: 262   (9.65/9.70y |  9.3% | 6.20h/(model year) | 18.2m left)
 Current iteration: 263   (9.65/9.70y |  9.4% | 6.19h/(model year) | 18.2m left)
 Current iteration: 264   (9.65/9.70y |  9.4% | 6.18h/(model year) | 18.2m left)
 Current iteration: 265   (9.65/9.70y |  9.4% | 6.18h/(model year) | 18.2m left)
 Current iteration: 266   (9.65/9.70y |  9.5% | 6.17h/(model year) | 18.1m left)
 Current iteration: 267   (9.65/9.70y |  9.5% | 6.17h/(model year) | 18.1m left)
 Current iteration: 268   (9.65/9.70y |  9.6% | 6.16h/(model year) | 18.1m left)
 Current iteration: 269   (9.65/9.70y |  9.6% | 6.15h/(model year) | 18.1m left)
 Current iteration: 270   (9.65/9.70y |  9.6% | 6.15h/(model year) | 18.0m left)
 Current iteration: 271   (9.65/9.70y |  9.7% | 6.15h/(model year) | 18.0m left)
 Current iteration: 272   (9.65/9.70y |  9.7% | 6.14h/(model year) | 18.0m left)
 Current iteration: 273   (9.65/9.70y |  9.7% | 6.14h/(model year) | 18.0m left)
 Current iteration: 274   (9.65/9.70y |  9.8% | 6.13h/(model year) | 18.0m left)
 Current iteration: 275   (9.65/9.70y |  9.8% | 6.13h/(model year) | 18.0m left)
 Current iteration: 276   (9.65/9.70y |  9.8% | 6.13h/(model year) | 17.9m left)
 Current iteration: 277   (9.65/9.70y |  9.9% | 6.12h/(model year) | 17.9m left)
 Current iteration: 278   (9.65/9.70y |  9.9% | 6.12h/(model year) | 17.9m left)
 Current iteration: 279   (9.65/9.70y |  9.9% | 6.11h/(model year) | 17.9m left)
 Current iteration: 280   (9.65/9.70y | 10.0% | 6.11h/(model year) | 17.8m left)
 Current iteration: 281   (9.65/9.70y | 10.0% | 6.10h/(model year) | 17.8m left)
 Current iteration: 282   (9.65/9.70y | 10.1% | 6.10h/(model year) | 17.8m left)
 Current iteration: 283   (9.65/9.70y | 10.1% | 6.10h/(model year) | 17.8m left)
 Current iteration: 284   (9.65/9.70y | 10.1% | 6.10h/(model year) | 17.8m left)
 Current iteration: 285   (9.65/9.70y | 10.2% | 6.09h/(model year) | 17.8m left)
 Current iteration: 286   (9.65/9.70y | 10.2% | 6.09h/(model year) | 17.7m left)
 Current iteration: 287   (9.65/9.70y | 10.2% | 6.08h/(model year) | 17.7m left)
 Current iteration: 288   (9.65/9.70y | 10.3% | 6.07h/(model year) | 17.7m left)
 Current iteration: 289   (9.65/9.70y | 10.3% | 6.08h/(model year) | 17.7m left)
 Current iteration: 290   (9.65/9.70y | 10.3% | 6.08h/(model year) | 17.7m left)
 Current iteration: 291   (9.65/9.70y | 10.4% | 6.07h/(model year) | 17.7m left)
 Current iteration: 292   (9.65/9.70y | 10.4% | 6.07h/(model year) | 17.6m left)
 Current iteration: 293   (9.65/9.70y | 10.4% | 6.06h/(model year) | 17.6m left)
 Current iteration: 294   (9.65/9.70y | 10.5% | 6.06h/(model year) | 17.6m left)
 Current iteration: 295   (9.65/9.70y | 10.5% | 6.06h/(model year) | 17.6m left)
 Current iteration: 296   (9.65/9.70y | 10.6% | 6.05h/(model year) | 17.6m left)
 Current iteration: 297   (9.65/9.70y | 10.6% | 6.05h/(model year) | 17.6m left)
 Current iteration: 298   (9.65/9.70y | 10.6% | 6.04h/(model year) | 17.5m left)
 Current iteration: 299   (9.65/9.70y | 10.7% | 6.04h/(model year) | 17.5m left)
 Current iteration: 300   (9.65/9.70y | 10.7% | 6.04h/(model year) | 17.5m left)
 Current iteration: 301   (9.65/9.70y | 10.7% | 6.03h/(model year) | 17.5m left)
 Current iteration: 302   (9.65/9.70y | 10.8% | 6.03h/(model year) | 17.5m left)
 Current iteration: 303   (9.65/9.70y | 10.8% | 6.03h/(model year) | 17.5m left)
 Current iteration: 304   (9.65/9.70y | 10.8% | 6.02h/(model year) | 17.4m left)
 Current iteration: 305   (9.65/9.70y | 10.9% | 6.02h/(model year) | 17.4m left)
 Current iteration: 306   (9.65/9.70y | 10.9% | 6.02h/(model year) | 17.4m left)
 Current iteration: 307   (9.65/9.70y | 10.9% | 6.01h/(model year) | 17.4m left)
 Current iteration: 308   (9.65/9.70y | 11.0% | 6.01h/(model year) | 17.4m left)
 Current iteration: 309   (9.65/9.70y | 11.0% | 6.00h/(model year) | 17.3m left)
 Current iteration: 310   (9.65/9.70y | 11.1% | 6.00h/(model year) | 17.3m left)
 Current iteration: 311   (9.65/9.70y | 11.1% | 6.00h/(model year) | 17.3m left)
 Current iteration: 312   (9.65/9.70y | 11.1% | 5.99h/(model year) | 17.3m left)
 Current iteration: 313   (9.65/9.70y | 11.2% | 5.99h/(model year) | 17.3m left)
 Current iteration: 314   (9.65/9.70y | 11.2% | 5.99h/(model year) | 17.3m left)
 Current iteration: 315   (9.65/9.70y | 11.2% | 5.98h/(model year) | 17.2m left)
 Current iteration: 316   (9.65/9.70y | 11.3% | 5.98h/(model year) | 17.2m left)
 Current iteration: 317   (9.65/9.70y | 11.3% | 5.98h/(model year) | 17.2m left)
 Current iteration: 318   (9.65/9.70y | 11.3% | 5.98h/(model year) | 17.2m left)
 Current iteration: 319   (9.65/9.70y | 11.4% | 5.98h/(model year) | 17.2m left)
 Current iteration: 320   (9.65/9.70y | 11.4% | 5.98h/(model year) | 17.2m left)
 Current iteration: 321   (9.65/9.70y | 11.4% | 5.98h/(model year) | 17.2m left)
 Current iteration: 322   (9.65/9.70y | 11.5% | 5.97h/(model year) | 17.2m left)
 Current iteration: 323   (9.65/9.70y | 11.5% | 5.97h/(model year) | 17.2m left)
 Current iteration: 324   (9.65/9.70y | 11.6% | 5.97h/(model year) | 17.1m left)
 Current iteration: 325   (9.65/9.70y | 11.6% | 5.97h/(model year) | 17.1m left)
 Current iteration: 326   (9.65/9.70y | 11.6% | 5.96h/(model year) | 17.1m left)
 Current iteration: 327   (9.65/9.70y | 11.7% | 5.96h/(model year) | 17.1m left)
 Current iteration: 328   (9.65/9.70y | 11.7% | 5.96h/(model year) | 17.1m left)
 Current iteration: 329   (9.65/9.70y | 11.7% | 5.96h/(model year) | 17.1m left)
 Current iteration: 330   (9.65/9.70y | 11.8% | 5.95h/(model year) | 17.1m left)
 Current iteration: 331   (9.65/9.70y | 11.8% | 5.95h/(model year) | 17.0m left)
 Current iteration: 332   (9.65/9.70y | 11.8% | 5.95h/(model year) | 17.0m left)
 Current iteration: 333   (9.65/9.70y | 11.9% | 5.95h/(model year) | 17.0m left)
 Current iteration: 334   (9.65/9.70y | 11.9% | 5.94h/(model year) | 17.0m left)
 Current iteration: 335   (9.65/9.70y | 11.9% | 5.94h/(model year) | 17.0m left)
 Current iteration: 336   (9.65/9.70y | 12.0% | 5.94h/(model year) | 17.0m left)
 Current iteration: 337   (9.65/9.70y | 12.0% | 5.93h/(model year) | 16.9m left)
 Current iteration: 338   (9.65/9.70y | 12.0% | 5.93h/(model year) | 16.9m left)
 Current iteration: 339   (9.65/9.70y | 12.1% | 5.93h/(model year) | 16.9m left)
 Current iteration: 340   (9.65/9.70y | 12.1% | 5.93h/(model year) | 16.9m left)
 Current iteration: 341   (9.65/9.70y | 12.2% | 5.93h/(model year) | 16.9m left)
 Current iteration: 342   (9.65/9.70y | 12.2% | 5.92h/(model year) | 16.9m left)
 Current iteration: 343   (9.65/9.70y | 12.2% | 5.92h/(model year) | 16.9m left)
 Current iteration: 344   (9.65/9.70y | 12.3% | 5.92h/(model year) | 16.9m left)
 Current iteration: 345   (9.65/9.70y | 12.3% | 5.92h/(model year) | 16.8m left)
 Current iteration: 346   (9.65/9.70y | 12.3% | 5.91h/(model year) | 16.8m left)
 Current iteration: 347   (9.65/9.70y | 12.4% | 5.91h/(model year) | 16.8m left)
 Current iteration: 348   (9.65/9.70y | 12.4% | 5.91h/(model year) | 16.8m left)
 Current iteration: 349   (9.65/9.70y | 12.4% | 5.90h/(model year) | 16.8m left)
 Current iteration: 350   (9.65/9.70y | 12.5% | 5.90h/(model year) | 16.8m left)
 Current iteration: 351   (9.65/9.70y | 12.5% | 5.90h/(model year) | 16.8m left)
 Current iteration: 352   (9.65/9.70y | 12.5% | 5.90h/(model year) | 16.7m left)
 Current iteration: 353   (9.65/9.70y | 12.6% | 5.90h/(model year) | 16.8m left)
 Current iteration: 354   (9.65/9.70y | 12.6% | 5.90h/(model year) | 16.7m left)
 Current iteration: 355   (9.65/9.70y | 12.7% | 5.90h/(model year) | 16.7m left)
 Current iteration: 356   (9.65/9.70y | 12.7% | 5.90h/(model year) | 16.7m left)
 Current iteration: 357   (9.65/9.70y | 12.7% | 5.89h/(model year) | 16.7m left)
 Current iteration: 358   (9.65/9.70y | 12.8% | 5.89h/(model year) | 16.7m left)
 Current iteration: 359   (9.65/9.70y | 12.8% | 5.90h/(model year) | 16.7m left)
 Current iteration: 360   (9.65/9.70y | 12.8% | 5.90h/(model year) | 16.7m left)
 Current iteration: 361   (9.65/9.70y | 12.9% | 5.89h/(model year) | 16.7m left)
 Current iteration: 362   (9.65/9.70y | 12.9% | 5.89h/(model year) | 16.7m left)
 Current iteration: 363   (9.65/9.70y | 12.9% | 5.89h/(model year) | 16.6m left)
 Current iteration: 364   (9.65/9.70y | 13.0% | 5.88h/(model year) | 16.6m left)
 Current iteration: 365   (9.65/9.70y | 13.0% | 5.88h/(model year) | 16.6m left)
 Current iteration: 366   (9.65/9.70y | 13.0% | 5.88h/(model year) | 16.6m left)
 Current iteration: 367   (9.65/9.70y | 13.1% | 5.88h/(model year) | 16.6m left)
 Current iteration: 368   (9.65/9.70y | 13.1% | 5.87h/(model year) | 16.6m left)
 Current iteration: 369   (9.65/9.70y | 13.2% | 5.87h/(model year) | 16.6m left)
 Current iteration: 370   (9.65/9.70y | 13.2% | 5.87h/(model year) | 16.6m left)
 Current iteration: 371   (9.65/9.70y | 13.2% | 5.87h/(model year) | 16.5m left)
 Current iteration: 372   (9.65/9.70y | 13.3% | 5.87h/(model year) | 16.5m left)
 Current iteration: 373   (9.65/9.70y | 13.3% | 5.87h/(model year) | 16.5m left)
 Current iteration: 374   (9.65/9.70y | 13.3% | 5.87h/(model year) | 16.5m left)
 Current iteration: 375   (9.65/9.70y | 13.4% | 5.87h/(model year) | 16.5m left)
 Current iteration: 376   (9.65/9.70y | 13.4% | 5.87h/(model year) | 16.5m left)
 Current iteration: 377   (9.65/9.70y | 13.4% | 5.86h/(model year) | 16.5m left)
 Current iteration: 378   (9.65/9.70y | 13.5% | 5.86h/(model year) | 16.5m left)
 Current iteration: 379   (9.65/9.70y | 13.5% | 5.87h/(model year) | 16.5m left)
 Current iteration: 380   (9.65/9.70y | 13.5% | 5.87h/(model year) | 16.5m left)
 Current iteration: 381   (9.65/9.70y | 13.6% | 5.86h/(model year) | 16.4m left)
 Current iteration: 382   (9.65/9.70y | 13.6% | 5.86h/(model year) | 16.4m left)
 Current iteration: 383   (9.65/9.70y | 13.7% | 5.86h/(model year) | 16.4m left)
 Current iteration: 384   (9.65/9.70y | 13.7% | 5.86h/(model year) | 16.4m left)
 Current iteration: 385   (9.65/9.70y | 13.7% | 5.86h/(model year) | 16.4m left)
 Current iteration: 386   (9.65/9.70y | 13.8% | 5.86h/(model year) | 16.4m left)
 Current iteration: 387   (9.65/9.70y | 13.8% | 5.85h/(model year) | 16.4m left)
 Current iteration: 388   (9.65/9.70y | 13.8% | 5.85h/(model year) | 16.4m left)
 Current iteration: 389   (9.65/9.70y | 13.9% | 5.85h/(model year) | 16.4m left)
 Current iteration: 390   (9.65/9.70y | 13.9% | 5.85h/(model year) | 16.3m left)
 Current iteration: 391   (9.65/9.70y | 13.9% | 5.85h/(model year) | 16.3m left)
 Current iteration: 392   (9.65/9.70y | 14.0% | 5.84h/(model year) | 16.3m left)
 Current iteration: 393   (9.65/9.70y | 14.0% | 5.84h/(model year) | 16.3m left)
 Current iteration: 394   (9.65/9.70y | 14.0% | 5.84h/(model year) | 16.3m left)
 Current iteration: 395   (9.65/9.70y | 14.1% | 5.84h/(model year) | 16.3m left)
 Current iteration: 396   (9.65/9.70y | 14.1% | 5.84h/(model year) | 16.3m left)
 Current iteration: 397   (9.65/9.70y | 14.2% | 5.83h/(model year) | 16.3m left)
 Current iteration: 398   (9.65/9.70y | 14.2% | 5.83h/(model year) | 16.2m left)
 Current iteration: 399   (9.65/9.70y | 14.2% | 5.83h/(model year) | 16.2m left)
 Current iteration: 400   (9.65/9.70y | 14.3% | 5.83h/(model year) | 16.2m left)
 Current iteration: 401   (9.65/9.70y | 14.3% | 5.82h/(model year) | 16.2m left)
 Current iteration: 402   (9.65/9.70y | 14.3% | 5.82h/(model year) | 16.2m left)
 Current iteration: 403   (9.65/9.70y | 14.4% | 5.82h/(model year) | 16.2m left)
 Current iteration: 404   (9.65/9.70y | 14.4% | 5.82h/(model year) | 16.2m left)
 Current iteration: 405   (9.65/9.70y | 14.4% | 5.82h/(model year) | 16.2m left)
 Current iteration: 406   (9.65/9.70y | 14.5% | 5.82h/(model year) | 16.1m left)
 Current iteration: 407   (9.65/9.70y | 14.5% | 5.82h/(model year) | 16.1m left)
 Current iteration: 408   (9.65/9.70y | 14.5% | 5.81h/(model year) | 16.1m left)
 Current iteration: 409   (9.65/9.70y | 14.6% | 5.81h/(model year) | 16.1m left)
 Current iteration: 410   (9.65/9.70y | 14.6% | 5.81h/(model year) | 16.1m left)
 Current iteration: 411   (9.65/9.70y | 14.7% | 5.81h/(model year) | 16.1m left)
 Current iteration: 412   (9.65/9.70y | 14.7% | 5.81h/(model year) | 16.1m left)
 Current iteration: 413   (9.65/9.70y | 14.7% | 5.81h/(model year) | 16.1m left)
 Current iteration: 414   (9.65/9.70y | 14.8% | 5.81h/(model year) | 16.1m left)
 Current iteration: 415   (9.65/9.70y | 14.8% | 5.81h/(model year) | 16.1m left)
 Current iteration: 416   (9.65/9.70y | 14.8% | 5.81h/(model year) | 16.1m left)
 Current iteration: 417   (9.65/9.70y | 14.9% | 5.80h/(model year) | 16.0m left)
 Current iteration: 418   (9.65/9.70y | 14.9% | 5.80h/(model year) | 16.0m left)
 Current iteration: 419   (9.65/9.70y | 14.9% | 5.80h/(model year) | 16.0m left)
 Current iteration: 420   (9.65/9.70y | 15.0% | 5.80h/(model year) | 16.0m left)
 Current iteration: 421   (9.65/9.70y | 15.0% | 5.80h/(model year) | 16.0m left)
 Current iteration: 422   (9.65/9.70y | 15.0% | 5.80h/(model year) | 16.0m left)
 Current iteration: 423   (9.65/9.70y | 15.1% | 5.79h/(model year) | 16.0m left)
 Current iteration: 424   (9.65/9.70y | 15.1% | 5.80h/(model year) | 16.0m left)
 Current iteration: 425   (9.65/9.70y | 15.2% | 5.80h/(model year) | 16.0m left)
 Current iteration: 426   (9.65/9.70y | 15.2% | 5.80h/(model year) | 16.0m left)
 Current iteration: 427   (9.65/9.70y | 15.2% | 5.80h/(model year) | 16.0m left)
 Current iteration: 428   (9.65/9.70y | 15.3% | 5.80h/(model year) | 16.0m left)
 Current iteration: 429   (9.65/9.70y | 15.3% | 5.80h/(model year) | 15.9m left)
 Current iteration: 430   (9.65/9.70y | 15.3% | 5.79h/(model year) | 15.9m left)
 Current iteration: 431   (9.65/9.70y | 15.4% | 5.79h/(model year) | 15.9m left)
 Current iteration: 432   (9.65/9.70y | 15.4% | 5.79h/(model year) | 15.9m left)
 Current iteration: 433   (9.65/9.70y | 15.4% | 5.79h/(model year) | 15.9m left)
 Current iteration: 434   (9.65/9.70y | 15.5% | 5.79h/(model year) | 15.9m left)
 Current iteration: 435   (9.65/9.70y | 15.5% | 5.79h/(model year) | 15.9m left)
 Current iteration: 436   (9.65/9.70y | 15.5% | 5.79h/(model year) | 15.9m left)
 Current iteration: 437   (9.65/9.70y | 15.6% | 5.79h/(model year) | 15.9m left)
 Current iteration: 438   (9.65/9.70y | 15.6% | 5.78h/(model year) | 15.8m left)
 Current iteration: 439   (9.65/9.70y | 15.6% | 5.78h/(model year) | 15.8m left)
 Current iteration: 440   (9.65/9.70y | 15.7% | 5.78h/(model year) | 15.8m left)
 Current iteration: 441   (9.65/9.70y | 15.7% | 5.78h/(model year) | 15.8m left)
 Current iteration: 442   (9.65/9.70y | 15.8% | 5.78h/(model year) | 15.8m left)
 Current iteration: 443   (9.65/9.70y | 15.8% | 5.78h/(model year) | 15.8m left)
 Current iteration: 444   (9.65/9.70y | 15.8% | 5.78h/(model year) | 15.8m left)
 Current iteration: 445   (9.65/9.70y | 15.9% | 5.78h/(model year) | 15.8m left)
 Current iteration: 446   (9.65/9.70y | 15.9% | 5.89h/(model year) | 16.1m left)
 Current iteration: 447   (9.65/9.70y | 15.9% | 5.89h/(model year) | 16.1m left)
 Current iteration: 448   (9.65/9.70y | 16.0% | 5.89h/(model year) | 16.1m left)
 Current iteration: 449   (9.65/9.70y | 16.0% | 5.89h/(model year) | 16.1m left)
 Current iteration: 450   (9.65/9.70y | 16.0% | 5.89h/(model year) | 16.1m left)
 Current iteration: 451   (9.65/9.70y | 16.1% | 5.89h/(model year) | 16.0m left)
 Current iteration: 452   (9.65/9.70y | 16.1% | 5.89h/(model year) | 16.0m left)
 Current iteration: 453   (9.65/9.70y | 16.1% | 5.89h/(model year) | 16.0m left)
 Current iteration: 454   (9.65/9.70y | 16.2% | 5.89h/(model year) | 16.0m left)
 Current iteration: 455   (9.65/9.70y | 16.2% | 5.89h/(model year) | 16.0m left)
 Current iteration: 456   (9.65/9.70y | 16.3% | 5.89h/(model year) | 16.0m left)
 Current iteration: 457   (9.65/9.70y | 16.3% | 5.89h/(model year) | 16.0m left)
 Current iteration: 458   (9.65/9.70y | 16.3% | 5.89h/(model year) | 16.0m left)
 Current iteration: 459   (9.65/9.70y | 16.4% | 5.88h/(model year) | 16.0m left)
 Current iteration: 460   (9.65/9.70y | 16.4% | 5.88h/(model year) | 16.0m left)
 Current iteration: 461   (9.65/9.70y | 16.4% | 5.88h/(model year) | 16.0m left)
 Current iteration: 462   (9.65/9.70y | 16.5% | 5.88h/(model year) | 16.0m left)
 Current iteration: 463   (9.65/9.70y | 16.5% | 5.88h/(model year) | 15.9m left)
 Current iteration: 464   (9.65/9.70y | 16.5% | 5.88h/(model year) | 15.9m left)
 Current iteration: 465   (9.65/9.70y | 16.6% | 5.88h/(model year) | 15.9m left)
 Current iteration: 466   (9.65/9.70y | 16.6% | 5.88h/(model year) | 15.9m left)
 Current iteration: 467   (9.65/9.70y | 16.6% | 5.88h/(model year) | 15.9m left)
 Current iteration: 468   (9.65/9.70y | 16.7% | 5.88h/(model year) | 15.9m left)
 Current iteration: 469   (9.65/9.70y | 16.7% | 5.88h/(model year) | 15.9m left)
 Current iteration: 470   (9.65/9.70y | 16.8% | 5.88h/(model year) | 15.9m left)
 Current iteration: 471   (9.65/9.70y | 16.8% | 5.88h/(model year) | 15.9m left)
 Current iteration: 472   (9.65/9.70y | 16.8% | 5.88h/(model year) | 15.9m left)
 Current iteration: 473   (9.65/9.70y | 16.9% | 5.88h/(model year) | 15.9m left)
 Current iteration: 474   (9.65/9.70y | 16.9% | 5.88h/(model year) | 15.9m left)
 Current iteration: 475   (9.65/9.70y | 16.9% | 5.88h/(model year) | 15.9m left)
 Current iteration: 476   (9.65/9.70y | 17.0% | 5.88h/(model year) | 15.8m left)
 Current iteration: 477   (9.65/9.70y | 17.0% | 5.88h/(model year) | 15.8m left)
 Current iteration: 478   (9.65/9.70y | 17.0% | 5.88h/(model year) | 15.8m left)
 Current iteration: 479   (9.65/9.70y | 17.1% | 5.88h/(model year) | 15.8m left)
 Current iteration: 480   (9.65/9.70y | 17.1% | 5.87h/(model year) | 15.8m left)
 Current iteration: 481   (9.65/9.70y | 17.1% | 5.88h/(model year) | 15.8m left)
 Current iteration: 482   (9.65/9.70y | 17.2% | 5.88h/(model year) | 15.8m left)
 Current iteration: 483   (9.65/9.70y | 17.2% | 5.87h/(model year) | 15.8m left)
 Current iteration: 484   (9.65/9.70y | 17.3% | 5.87h/(model year) | 15.8m left)
 Current iteration: 485   (9.65/9.70y | 17.3% | 5.87h/(model year) | 15.8m left)
 Current iteration: 486   (9.65/9.70y | 17.3% | 5.87h/(model year) | 15.8m left)
 Current iteration: 487   (9.65/9.70y | 17.4% | 5.87h/(model year) | 15.8m left)
 Current iteration: 488   (9.65/9.70y | 17.4% | 5.87h/(model year) | 15.8m left)
 Current iteration: 489   (9.65/9.70y | 17.4% | 5.87h/(model year) | 15.7m left)
 Current iteration: 490   (9.65/9.70y | 17.5% | 5.87h/(model year) | 15.7m left)
 Current iteration: 491   (9.65/9.70y | 17.5% | 5.87h/(model year) | 15.7m left)
 Current iteration: 492   (9.65/9.70y | 17.5% | 5.87h/(model year) | 15.7m left)
 Current iteration: 493   (9.65/9.70y | 17.6% | 5.87h/(model year) | 15.7m left)
 Current iteration: 494   (9.65/9.70y | 17.6% | 5.87h/(model year) | 15.7m left)
 Current iteration: 495   (9.65/9.70y | 17.6% | 5.87h/(model year) | 15.7m left)
 Current iteration: 496   (9.65/9.70y | 17.7% | 5.87h/(model year) | 15.7m left)
 Current iteration: 497   (9.65/9.70y | 17.7% | 5.87h/(model year) | 15.7m left)
 Current iteration: 498   (9.65/9.70y | 17.8% | 5.87h/(model year) | 15.7m left)
 Current iteration: 499   (9.65/9.70y | 17.8% | 5.87h/(model year) | 15.7m left)
 Current iteration: 500   (9.65/9.70y | 17.8% | 5.87h/(model year) | 15.7m left)
 Current iteration: 501   (9.65/9.70y | 17.9% | 5.87h/(model year) | 15.7m left)
 Current iteration: 502   (9.65/9.70y | 17.9% | 5.87h/(model year) | 15.6m left)
 Current iteration: 503   (9.65/9.70y | 17.9% | 5.87h/(model year) | 15.6m left)
 Current iteration: 504   (9.65/9.70y | 18.0% | 5.87h/(model year) | 15.6m left)
 Current iteration: 505   (9.65/9.70y | 18.0% | 5.87h/(model year) | 15.6m left)
 Current iteration: 506   (9.65/9.70y | 18.0% | 5.87h/(model year) | 15.6m left)
 Current iteration: 507   (9.65/9.70y | 18.1% | 5.87h/(model year) | 15.6m left)
 Current iteration: 508   (9.65/9.70y | 18.1% | 5.86h/(model year) | 15.6m left)
 Current iteration: 509   (9.65/9.70y | 18.1% | 5.87h/(model year) | 15.6m left)
 Current iteration: 510   (9.65/9.70y | 18.2% | 5.86h/(model year) | 15.6m left)
 Current iteration: 511   (9.65/9.70y | 18.2% | 5.86h/(model year) | 15.6m left)
 Current iteration: 512   (9.65/9.70y | 18.3% | 5.86h/(model year) | 15.6m left)
 Current iteration: 513   (9.65/9.70y | 18.3% | 5.86h/(model year) | 15.6m left)
 Current iteration: 514   (9.65/9.70y | 18.3% | 5.86h/(model year) | 15.5m left)
 Current iteration: 515   (9.65/9.70y | 18.4% | 5.86h/(model year) | 15.5m left)
 Current iteration: 516   (9.66/9.70y | 18.4% | 5.86h/(model year) | 15.5m left)
 Current iteration: 517   (9.66/9.70y | 18.4% | 5.86h/(model year) | 15.5m left)
 Current iteration: 518   (9.66/9.70y | 18.5% | 5.86h/(model year) | 15.5m left)
 Current iteration: 519   (9.66/9.70y | 18.5% | 5.86h/(model year) | 15.5m left)
 Current iteration: 520   (9.66/9.70y | 18.5% | 5.86h/(model year) | 15.5m left)
 Current iteration: 521   (9.66/9.70y | 18.6% | 5.86h/(model year) | 15.5m left)
 Current iteration: 522   (9.66/9.70y | 18.6% | 5.86h/(model year) | 15.5m left)
 Current iteration: 523   (9.66/9.70y | 18.6% | 5.86h/(model year) | 15.5m left)
 Current iteration: 524   (9.66/9.70y | 18.7% | 5.86h/(model year) | 15.5m left)
 Current iteration: 525   (9.66/9.70y | 18.7% | 5.86h/(model year) | 15.5m left)
 Current iteration: 526   (9.66/9.70y | 18.8% | 5.86h/(model year) | 15.4m left)
 Current iteration: 527   (9.66/9.70y | 18.8% | 5.86h/(model year) | 15.4m left)
 Current iteration: 528   (9.66/9.70y | 18.8% | 5.86h/(model year) | 15.4m left)
 Current iteration: 529   (9.66/9.70y | 18.9% | 5.86h/(model year) | 15.4m left)
 Current iteration: 530   (9.66/9.70y | 18.9% | 5.86h/(model year) | 15.4m left)
 Current iteration: 531   (9.66/9.70y | 18.9% | 5.86h/(model year) | 15.4m left)
 Current iteration: 532   (9.66/9.70y | 19.0% | 5.86h/(model year) | 15.4m left)
 Current iteration: 533   (9.66/9.70y | 19.0% | 5.86h/(model year) | 15.4m left)
 Current iteration: 534   (9.66/9.70y | 19.0% | 5.86h/(model year) | 15.4m left)
 Current iteration: 535   (9.66/9.70y | 19.1% | 5.86h/(model year) | 15.4m left)
 Current iteration: 536   (9.66/9.70y | 19.1% | 5.86h/(model year) | 15.4m left)
 Current iteration: 537   (9.66/9.70y | 19.1% | 5.85h/(model year) | 15.4m left)
 Current iteration: 538   (9.66/9.70y | 19.2% | 5.86h/(model year) | 15.4m left)
 Current iteration: 539   (9.66/9.70y | 19.2% | 5.86h/(model year) | 15.4m left)
 Current iteration: 540   (9.66/9.70y | 19.3% | 5.86h/(model year) | 15.4m left)
 Current iteration: 541   (9.66/9.70y | 19.3% | 5.86h/(model year) | 15.3m left)
 Current iteration: 542   (9.66/9.70y | 19.3% | 5.86h/(model year) | 15.4m left)
 Current iteration: 543   (9.66/9.70y | 19.4% | 5.86h/(model year) | 15.3m left)
 Current iteration: 544   (9.66/9.70y | 19.4% | 5.86h/(model year) | 15.3m left)
 Current iteration: 545   (9.66/9.70y | 19.4% | 5.86h/(model year) | 15.3m left)
 Current iteration: 546   (9.66/9.70y | 19.5% | 5.86h/(model year) | 15.3m left)
 Current iteration: 547   (9.66/9.70y | 19.5% | 5.86h/(model year) | 15.3m left)
 Current iteration: 548   (9.66/9.70y | 19.5% | 5.86h/(model year) | 15.3m left)
 Current iteration: 549   (9.66/9.70y | 19.6% | 5.86h/(model year) | 15.3m left)
 Current iteration: 550   (9.66/9.70y | 19.6% | 5.86h/(model year) | 15.3m left)
 Current iteration: 551   (9.66/9.70y | 19.6% | 5.86h/(model year) | 15.3m left)
 Current iteration: 552   (9.66/9.70y | 19.7% | 5.86h/(model year) | 15.3m left)
 Current iteration: 553   (9.66/9.70y | 19.7% | 5.86h/(model year) | 15.3m left)
 Current iteration: 554   (9.66/9.70y | 19.7% | 5.86h/(model year) | 15.3m left)
 Current iteration: 555   (9.66/9.70y | 19.8% | 5.86h/(model year) | 15.3m left)
 Current iteration: 556   (9.66/9.70y | 19.8% | 5.86h/(model year) | 15.3m left)
 Current iteration: 557   (9.66/9.70y | 19.9% | 5.86h/(model year) | 15.3m left)
 Current iteration: 558   (9.66/9.70y | 19.9% | 5.86h/(model year) | 15.2m left)
 Current iteration: 559   (9.66/9.70y | 19.9% | 5.86h/(model year) | 15.2m left)
 Current iteration: 560   (9.66/9.70y | 20.0% | 5.86h/(model year) | 15.2m left)
 Current iteration: 561   (9.66/9.70y | 20.0% | 5.86h/(model year) | 15.2m left)
 Current iteration: 562   (9.66/9.70y | 20.0% | 5.86h/(model year) | 15.2m left)
 Current iteration: 563   (9.66/9.70y | 20.1% | 5.86h/(model year) | 15.2m left)
 Current iteration: 564   (9.66/9.70y | 20.1% | 5.86h/(model year) | 15.2m left)
 Current iteration: 565   (9.66/9.70y | 20.1% | 5.87h/(model year) | 15.2m left)
 Current iteration: 566   (9.66/9.70y | 20.2% | 5.87h/(model year) | 15.2m left)
 Current iteration: 567   (9.66/9.70y | 20.2% | 5.87h/(model year) | 15.2m left)
 Current iteration: 568   (9.66/9.70y | 20.2% | 5.87h/(model year) | 15.2m left)
 Current iteration: 569   (9.66/9.70y | 20.3% | 5.87h/(model year) | 15.2m left)
 Current iteration: 570   (9.66/9.70y | 20.3% | 5.87h/(model year) | 15.2m left)
 Current iteration: 571   (9.66/9.70y | 20.4% | 5.87h/(model year) | 15.2m left)
 Current iteration: 572   (9.66/9.70y | 20.4% | 5.87h/(model year) | 15.2m left)
 Current iteration: 573   (9.66/9.70y | 20.4% | 5.87h/(model year) | 15.2m left)
 Current iteration: 574   (9.66/9.70y | 20.5% | 5.87h/(model year) | 15.2m left)
 Current iteration: 575   (9.66/9.70y | 20.5% | 5.87h/(model year) | 15.2m left)
 Current iteration: 576   (9.66/9.70y | 20.5% | 5.87h/(model year) | 15.1m left)
 Current iteration: 577   (9.66/9.70y | 20.6% | 5.87h/(model year) | 15.1m left)
 Current iteration: 578   (9.66/9.70y | 20.6% | 5.87h/(model year) | 15.1m left)
 Current iteration: 579   (9.66/9.70y | 20.6% | 5.87h/(model year) | 15.1m left)
 Current iteration: 580   (9.66/9.70y | 20.7% | 5.87h/(model year) | 15.1m left)
 Current iteration: 581   (9.66/9.70y | 20.7% | 5.87h/(model year) | 15.1m left)
 Current iteration: 582   (9.66/9.70y | 20.7% | 5.87h/(model year) | 15.1m left)
 Current iteration: 583   (9.66/9.70y | 20.8% | 5.87h/(model year) | 15.1m left)
 Current iteration: 584   (9.66/9.70y | 20.8% | 5.87h/(model year) | 15.1m left)
 Current iteration: 585   (9.66/9.70y | 20.9% | 5.87h/(model year) | 15.1m left)
 Current iteration: 586   (9.66/9.70y | 20.9% | 5.87h/(model year) | 15.1m left)
 Current iteration: 587   (9.66/9.70y | 20.9% | 5.87h/(model year) | 15.1m left)
 Current iteration: 588   (9.66/9.70y | 21.0% | 5.87h/(model year) | 15.1m left)
 Current iteration: 589   (9.66/9.70y | 21.0% | 5.87h/(model year) | 15.1m left)
 Current iteration: 590   (9.66/9.70y | 21.0% | 5.87h/(model year) | 15.1m left)
 Current iteration: 591   (9.66/9.70y | 21.1% | 5.87h/(model year) | 15.1m left)
 Current iteration: 592   (9.66/9.70y | 21.1% | 5.87h/(model year) | 15.0m left)
 Current iteration: 593   (9.66/9.70y | 21.1% | 5.88h/(model year) | 15.0m left)
 Current iteration: 594   (9.66/9.70y | 21.2% | 5.88h/(model year) | 15.0m left)
 Current iteration: 595   (9.66/9.70y | 21.2% | 5.88h/(model year) | 15.0m left)
 Current iteration: 596   (9.66/9.70y | 21.2% | 5.88h/(model year) | 15.0m left)
 Current iteration: 597   (9.66/9.70y | 21.3% | 5.88h/(model year) | 15.0m left)
 Current iteration: 598   (9.66/9.70y | 21.3% | 5.88h/(model year) | 15.0m left)
 Current iteration: 599   (9.66/9.70y | 21.4% | 5.88h/(model year) | 15.0m left)
 Current iteration: 600   (9.66/9.70y | 21.4% | 5.88h/(model year) | 15.0m left)
 Current iteration: 601   (9.66/9.70y | 21.4% | 5.88h/(model year) | 15.0m left)
 Current iteration: 602   (9.66/9.70y | 21.5% | 5.88h/(model year) | 15.0m left)
 Current iteration: 603   (9.66/9.70y | 21.5% | 5.88h/(model year) | 15.0m left)
 Current iteration: 604   (9.66/9.70y | 21.5% | 5.88h/(model year) | 15.0m left)
 Current iteration: 605   (9.66/9.70y | 21.6% | 5.88h/(model year) | 15.0m left)
 Current iteration: 606   (9.66/9.70y | 21.6% | 5.88h/(model year) | 15.0m left)
 Current iteration: 607   (9.66/9.70y | 21.6% | 5.88h/(model year) | 15.0m left)
 Current iteration: 608   (9.66/9.70y | 21.7% | 5.88h/(model year) | 15.0m left)
 Current iteration: 609   (9.66/9.70y | 21.7% | 5.88h/(model year) | 14.9m left)
 Current iteration: 610   (9.66/9.70y | 21.7% | 5.88h/(model year) | 14.9m left)
 Current iteration: 611   (9.66/9.70y | 21.8% | 5.88h/(model year) | 14.9m left)
 Current iteration: 612   (9.66/9.70y | 21.8% | 5.88h/(model year) | 14.9m left)
 Current iteration: 613   (9.66/9.70y | 21.9% | 5.88h/(model year) | 14.9m left)
 Current iteration: 614   (9.66/9.70y | 21.9% | 5.88h/(model year) | 14.9m left)
 Current iteration: 615   (9.66/9.70y | 21.9% | 5.89h/(model year) | 14.9m left)
 Current iteration: 616   (9.66/9.70y | 22.0% | 5.89h/(model year) | 14.9m left)
 Current iteration: 617   (9.66/9.70y | 22.0% | 5.88h/(model year) | 14.9m left)
 Current iteration: 618   (9.66/9.70y | 22.0% | 5.89h/(model year) | 14.9m left)
 Current iteration: 619   (9.66/9.70y | 22.1% | 5.89h/(model year) | 14.9m left)
 Current iteration: 620   (9.66/9.70y | 22.1% | 5.89h/(model year) | 14.9m left)
 Current iteration: 621   (9.66/9.70y | 22.1% | 5.89h/(model year) | 14.9m left)
 Current iteration: 622   (9.66/9.70y | 22.2% | 5.89h/(model year) | 14.9m left)
 Current iteration: 623   (9.66/9.70y | 22.2% | 5.89h/(model year) | 14.9m left)
 Current iteration: 624   (9.66/9.70y | 22.2% | 5.89h/(model year) | 14.9m left)
 Current iteration: 625   (9.66/9.70y | 22.3% | 5.89h/(model year) | 14.9m left)
 Current iteration: 626   (9.66/9.70y | 22.3% | 5.89h/(model year) | 14.8m left)
 Current iteration: 627   (9.66/9.70y | 22.4% | 5.89h/(model year) | 14.8m left)
 Current iteration: 628   (9.66/9.70y | 22.4% | 5.89h/(model year) | 14.8m left)
 Current iteration: 629   (9.66/9.70y | 22.4% | 5.89h/(model year) | 14.8m left)
 Current iteration: 630   (9.66/9.70y | 22.5% | 5.89h/(model year) | 14.8m left)
 Current iteration: 631   (9.66/9.70y | 22.5% | 5.89h/(model year) | 14.8m left)
 Current iteration: 632   (9.66/9.70y | 22.5% | 5.89h/(model year) | 14.8m left)
 Current iteration: 633   (9.66/9.70y | 22.6% | 5.89h/(model year) | 14.8m left)
 Current iteration: 634   (9.66/9.70y | 22.6% | 5.89h/(model year) | 14.8m left)
 Current iteration: 635   (9.66/9.70y | 22.6% | 5.89h/(model year) | 14.8m left)
 Current iteration: 636   (9.66/9.70y | 22.7% | 5.89h/(model year) | 14.8m left)
 Current iteration: 637   (9.66/9.70y | 22.7% | 5.89h/(model year) | 14.8m left)
 Current iteration: 638   (9.66/9.70y | 22.7% | 5.89h/(model year) | 14.8m left)
 Current iteration: 639   (9.66/9.70y | 22.8% | 5.90h/(model year) | 14.8m left)
 Current iteration: 640   (9.66/9.70y | 22.8% | 5.90h/(model year) | 14.8m left)
 Current iteration: 641   (9.66/9.70y | 22.9% | 5.91h/(model year) | 14.8m left)
 Current iteration: 642   (9.66/9.70y | 22.9% | 5.96h/(model year) | 14.9m left)
 Current iteration: 643   (9.66/9.70y | 22.9% | 5.96h/(model year) | 14.9m left)
 Current iteration: 644   (9.66/9.70y | 23.0% | 5.96h/(model year) | 14.9m left)
srun: Job step aborted: Waiting up to 17 seconds for job step to finish.
slurmstepd: error: *** STEP 8189567.0 ON cn125 CANCELLED AT 2024-07-11T11:05:23 ***
slurmstepd: error: *** JOB 8189567 ON cn125 CANCELLED AT 2024-07-11T11:05:23 ***
