srun: error: WARNING: switches lack access to 1 nodes: cn272
Importing core modules
 Using computational backend numpy on cpu
 Runtime settings are now locked

This is Veros v0+untagged.1783.ge272e4a.dirty, but the given setup was generated with v0+untagged.1774.g4039f76.dirty. Consider switching to this version of Veros or updating your setup file.

Running model setup
Initializing streamfunction method
 Solving for boundary contribution by island 0
 Solving for boundary contribution by island 1
 Running diagnostic "averages" every 10.0 minutes
 Writing output for diagnostic "averages" every 1.0 years
 Running diagnostic "energy" every 10.0 minutes
 Writing output for diagnostic "energy" every 10.0 minutes
 Writing output for diagnostic "acc_monitor" every 10.0 minutes
Reading restart data from acc_runs/acc_simulation_quarter/acc_simulation_quarter_rerun_100000.restart.h5
Diffusion grid factor delta_iso1 = 11.334769856875049

Starting integration for 10.3 years
 Current iteration: 0     (6.75/17.04y |  0.0% | 0.00s/(model year) | 0.0s left)
 Current iteration: 1     (6.75/17.04y |  0.0% | 5.29d/(model year) | 54.4d left)
 Current iteration: 2     (6.75/17.04y |  0.0% | 2.74d/(model year) | 28.2d left)
 Current iteration: 3     (6.75/17.04y |  0.0% | 1.89d/(model year) | 19.4d left)
 Current iteration: 4     (6.75/17.04y |  0.0% | 1.47d/(model year) | 15.1d left)
 Current iteration: 5     (6.75/17.04y |  0.0% | 1.21d/(model year) | 12.5d left)
 Current iteration: 6     (6.75/17.04y |  0.0% | 1.04d/(model year) | 10.7d left)
 Current iteration: 7     (6.75/17.04y |  0.0% | 22.14h/(model year) | 9.5d left)
 Current iteration: 8     (6.75/17.04y |  0.0% | 19.94h/(model year) | 8.5d left)
 Current iteration: 9     (6.75/17.04y |  0.0% | 18.22h/(model year) | 7.8d left)
 Current iteration: 10    (6.75/17.04y |  0.0% | 16.85h/(model year) | 7.2d left)
 Current iteration: 11    (6.75/17.04y |  0.0% | 16.36h/(model year) | 7.0d left)
 Current iteration: 12    (6.75/17.04y |  0.0% | 22.69h/(model year) | 9.7d left)
 Current iteration: 13    (6.75/17.04y |  0.0% | 1.19d/(model year) | 12.2d left)
 Current iteration: 14    (6.75/17.04y |  0.0% | 1.39d/(model year) | 14.3d left)
 Current iteration: 15    (6.75/17.04y |  0.0% | 1.54d/(model year) | 15.9d left)
 Current iteration: 16    (6.75/17.04y |  0.0% | 1.68d/(model year) | 17.3d left)
 Current iteration: 17    (6.75/17.04y |  0.0% | 1.81d/(model year) | 18.6d left)
 Current iteration: 18    (6.75/17.04y |  0.0% | 1.94d/(model year) | 20.0d left)
 Current iteration: 19    (6.75/17.04y |  0.0% | 2.10d/(model year) | 21.6d left)
 Current iteration: 20    (6.75/17.04y |  0.0% | 2.27d/(model year) | 23.3d left)
 Current iteration: 21    (6.75/17.04y |  0.0% | 2.41d/(model year) | 24.8d left)
 Current iteration: 22    (6.75/17.04y |  0.0% | 2.52d/(model year) | 25.9d left)
 Current iteration: 23    (6.75/17.04y |  0.0% | 2.63d/(model year) | 27.1d left)
 Current iteration: 24    (6.75/17.04y |  0.0% | 2.73d/(model year) | 28.1d left)
 Current iteration: 25    (6.75/17.04y |  0.0% | 2.86d/(model year) | 29.4d left)
 Current iteration: 26    (6.75/17.04y |  0.0% | 2.96d/(model year) | 30.4d left)
 Current iteration: 27    (6.75/17.04y |  0.0% | 3.05d/(model year) | 31.4d left)
 Current iteration: 28    (6.75/17.04y |  0.0% | 3.14d/(model year) | 32.3d left)
 Current iteration: 29    (6.75/17.04y |  0.0% | 3.23d/(model year) | 33.2d left)
 Current iteration: 30    (6.75/17.04y |  0.0% | 3.30d/(model year) | 33.9d left)
srun: Job step aborted: Waiting up to 17 seconds for job step to finish.
slurmstepd: error: *** STEP 8188611.0 ON cn098 CANCELLED AT 2024-07-10T22:48:55 ***
slurmstepd: error: *** JOB 8188611 ON cn098 CANCELLED AT 2024-07-10T22:48:55 ***
