Importing core modules
 Using computational backend numpy on cpu
 Runtime settings are now locked

This is Veros v0+untagged.1783.ge272e4a.dirty, but the given setup was generated with v0+untagged.1774.g4039f76.dirty. Consider switching to this version of Veros or updating your setup file.

Running model setup
Initializing streamfunction method
Environment variable OMP_NUM_THREADS is not set, which can lead to severely degraded performance when MPI is used.
 Solving for boundary contribution by island 0
 Solving for boundary contribution by island 1
 Running diagnostic "averages" every 1.7 hours
 Writing output for diagnostic "averages" every 1.0 years
 Running diagnostic "energy" every 1.7 hours
 Writing output for diagnostic "energy" every 7.6 days

Starting integration for 10.3 years
 Current iteration: 0     (0.00/10.29y |  0.0% | 0.00s/(model year) | 0.0s left)
 Current iteration: 1     (0.00/10.29y |  0.0% | 18.85h/(model year) | 8.1d left)
 Current iteration: 2     (0.00/10.29y |  0.0% | 19.82h/(model year) | 8.5d left)
 Current iteration: 3     (0.00/10.29y |  0.0% | 19.91h/(model year) | 8.5d left)
 Current iteration: 4     (0.00/10.29y |  0.0% | 20.51h/(model year) | 8.8d left)
 Current iteration: 5     (0.00/10.29y |  0.0% | 20.76h/(model year) | 8.9d left)
 Current iteration: 6     (0.00/10.29y |  0.0% | 21.24h/(model year) | 9.1d left)
 Current iteration: 7     (0.00/10.29y |  0.0% | 21.65h/(model year) | 9.3d left)
 Current iteration: 8     (0.00/10.29y |  0.0% | 21.76h/(model year) | 9.3d left)
 Current iteration: 9     (0.00/10.29y |  0.0% | 21.66h/(model year) | 9.3d left)
 Current iteration: 10    (0.00/10.29y |  0.0% | 22.00h/(model year) | 9.4d left)
 Current iteration: 11    (0.00/10.29y |  0.0% | 21.91h/(model year) | 9.4d left)
 Current iteration: 12    (0.00/10.29y |  0.0% | 22.04h/(model year) | 9.4d left)
 Current iteration: 13    (0.00/10.29y |  0.0% | 21.93h/(model year) | 9.4d left)
 Current iteration: 14    (0.00/10.29y |  0.0% | 21.74h/(model year) | 9.3d left)
 Current iteration: 15    (0.00/10.29y |  0.0% | 21.80h/(model year) | 9.3d left)
 Current iteration: 16    (0.00/10.29y |  0.0% | 21.74h/(model year) | 9.3d left)
 Current iteration: 17    (0.00/10.29y |  0.0% | 21.68h/(model year) | 9.3d left)
 Current iteration: 18    (0.00/10.29y |  0.0% | 21.62h/(model year) | 9.3d left)
 Current iteration: 19    (0.00/10.29y |  0.0% | 21.61h/(model year) | 9.3d left)
 Current iteration: 20    (0.00/10.29y |  0.0% | 21.87h/(model year) | 9.4d left)
 Current iteration: 21    (0.00/10.29y |  0.0% | 21.76h/(model year) | 9.3d left)
 Current iteration: 22    (0.00/10.29y |  0.0% | 21.71h/(model year) | 9.3d left)
 Current iteration: 23    (0.00/10.29y |  0.0% | 21.62h/(model year) | 9.3d left)
 Current iteration: 24    (0.00/10.29y |  0.0% | 21.53h/(model year) | 9.2d left)
 Current iteration: 25    (0.00/10.29y |  0.0% | 21.44h/(model year) | 9.2d left)
 Current iteration: 26    (0.00/10.29y |  0.0% | 21.35h/(model year) | 9.2d left)
 Current iteration: 27    (0.00/10.29y |  0.0% | 21.30h/(model year) | 9.1d left)
 Current iteration: 28    (0.00/10.29y |  0.0% | 21.27h/(model year) | 9.1d left)
 Current iteration: 29    (0.00/10.29y |  0.0% | 21.19h/(model year) | 9.1d left)
 Current iteration: 30    (0.00/10.29y |  0.0% | 21.32h/(model year) | 9.1d left)
 Current iteration: 31    (0.00/10.29y |  0.0% | 21.36h/(model year) | 9.2d left)
 Current iteration: 32    (0.00/10.29y |  0.0% | 21.32h/(model year) | 9.1d left)
 Current iteration: 33    (0.00/10.29y |  0.0% | 21.29h/(model year) | 9.1d left)
 Current iteration: 34    (0.00/10.29y |  0.0% | 21.24h/(model year) | 9.1d left)
 Current iteration: 35    (0.00/10.29y |  0.0% | 21.26h/(model year) | 9.1d left)
 Current iteration: 36    (0.00/10.29y |  0.0% | 21.26h/(model year) | 9.1d left)
 Current iteration: 37    (0.00/10.29y |  0.0% | 21.26h/(model year) | 9.1d left)
 Current iteration: 38    (0.00/10.29y |  0.0% | 21.18h/(model year) | 9.1d left)
 Current iteration: 39    (0.00/10.29y |  0.0% | 21.12h/(model year) | 9.1d left)
 Current iteration: 40    (0.00/10.29y |  0.0% | 21.17h/(model year) | 9.1d left)
 Current iteration: 41    (0.00/10.29y |  0.0% | 21.15h/(model year) | 9.1d left)
 Current iteration: 42    (0.00/10.29y |  0.0% | 21.08h/(model year) | 9.0d left)
 Current iteration: 43    (0.00/10.29y |  0.0% | 21.03h/(model year) | 9.0d left)
 Current iteration: 44    (0.00/10.29y |  0.0% | 21.00h/(model year) | 9.0d left)
 Current iteration: 45    (0.00/10.29y |  0.0% | 21.02h/(model year) | 9.0d left)
 Current iteration: 46    (0.00/10.29y |  0.0% | 20.98h/(model year) | 9.0d left)
 Current iteration: 47    (0.00/10.29y |  0.0% | 20.95h/(model year) | 9.0d left)
 Current iteration: 48    (0.00/10.29y |  0.0% | 20.91h/(model year) | 9.0d left)
 Current iteration: 49    (0.00/10.29y |  0.0% | 20.94h/(model year) | 9.0d left)
 Current iteration: 50    (0.00/10.29y |  0.0% | 21.01h/(model year) | 9.0d left)
 Current iteration: 51    (0.00/10.29y |  0.0% | 21.01h/(model year) | 9.0d left)
 Current iteration: 52    (0.00/10.29y |  0.0% | 21.03h/(model year) | 9.0d left)
 Current iteration: 53    (0.00/10.29y |  0.0% | 21.05h/(model year) | 9.0d left)
 Current iteration: 54    (0.00/10.29y |  0.0% | 21.07h/(model year) | 9.0d left)
 Current iteration: 55    (0.00/10.29y |  0.0% | 21.10h/(model year) | 9.0d left)
 Current iteration: 56    (0.00/10.29y |  0.0% | 21.10h/(model year) | 9.0d left)
 Current iteration: 57    (0.00/10.29y |  0.0% | 21.07h/(model year) | 9.0d left)
 Current iteration: 58    (0.00/10.29y |  0.0% | 21.08h/(model year) | 9.0d left)
 Current iteration: 59    (0.00/10.29y |  0.0% | 21.03h/(model year) | 9.0d left)
 Current iteration: 60    (0.00/10.29y |  0.0% | 21.07h/(model year) | 9.0d left)
 Current iteration: 61    (0.00/10.29y |  0.0% | 21.09h/(model year) | 9.0d left)
 Current iteration: 62    (0.00/10.29y |  0.0% | 21.06h/(model year) | 9.0d left)
 Current iteration: 63    (0.00/10.29y |  0.0% | 21.02h/(model year) | 9.0d left)
 Current iteration: 64    (0.00/10.29y |  0.0% | 20.99h/(model year) | 9.0d left)
 Current iteration: 65    (0.00/10.29y |  0.0% | 20.97h/(model year) | 9.0d left)
 Current iteration: 66    (0.00/10.29y |  0.0% | 20.96h/(model year) | 9.0d left)
 Current iteration: 67    (0.00/10.29y |  0.0% | 20.98h/(model year) | 9.0d left)
 Current iteration: 68    (0.00/10.29y |  0.0% | 20.95h/(model year) | 9.0d left)
 Current iteration: 69    (0.00/10.29y |  0.0% | 20.94h/(model year) | 9.0d left)
 Current iteration: 70    (0.00/10.29y |  0.0% | 21.01h/(model year) | 9.0d left)
 Current iteration: 71    (0.00/10.29y |  0.0% | 20.99h/(model year) | 9.0d left)
 Current iteration: 72    (0.00/10.29y |  0.0% | 21.00h/(model year) | 9.0d left)
 Current iteration: 73    (0.00/10.29y |  0.0% | 21.02h/(model year) | 9.0d left)
 Current iteration: 74    (0.00/10.29y |  0.0% | 20.99h/(model year) | 9.0d left)
 Current iteration: 75    (0.00/10.29y |  0.0% | 20.98h/(model year) | 9.0d left)
 Current iteration: 76    (0.00/10.29y |  0.0% | 20.98h/(model year) | 9.0d left)
 Current iteration: 77    (0.00/10.29y |  0.0% | 20.95h/(model year) | 9.0d left)
 Current iteration: 78    (0.00/10.29y |  0.0% | 20.92h/(model year) | 9.0d left)
 Current iteration: 79    (0.00/10.29y |  0.0% | 20.92h/(model year) | 9.0d left)
 Current iteration: 80    (0.00/10.29y |  0.0% | 20.96h/(model year) | 9.0d left)
 Current iteration: 81    (0.00/10.29y |  0.0% | 20.95h/(model year) | 9.0d left)
 Current iteration: 82    (0.00/10.29y |  0.0% | 20.94h/(model year) | 9.0d left)
 Current iteration: 83    (0.00/10.29y |  0.0% | 20.93h/(model year) | 9.0d left)
 Current iteration: 84    (0.00/10.29y |  0.0% | 20.93h/(model year) | 9.0d left)
 Current iteration: 85    (0.00/10.29y |  0.0% | 20.91h/(model year) | 9.0d left)
 Current iteration: 86    (0.00/10.29y |  0.0% | 20.90h/(model year) | 9.0d left)
 Current iteration: 87    (0.00/10.29y |  0.0% | 20.87h/(model year) | 8.9d left)
 Current iteration: 88    (0.00/10.29y |  0.0% | 20.88h/(model year) | 8.9d left)
 Current iteration: 89    (0.00/10.29y |  0.0% | 20.86h/(model year) | 8.9d left)
 Current iteration: 90    (0.00/10.29y |  0.0% | 20.92h/(model year) | 9.0d left)
 Current iteration: 91    (0.00/10.29y |  0.0% | 20.93h/(model year) | 9.0d left)
 Current iteration: 92    (0.00/10.29y |  0.0% | 20.97h/(model year) | 9.0d left)
 Current iteration: 93    (0.00/10.29y |  0.0% | 21.00h/(model year) | 9.0d left)
 Current iteration: 94    (0.00/10.29y |  0.0% | 21.01h/(model year) | 9.0d left)
 Current iteration: 95    (0.00/10.29y |  0.0% | 21.04h/(model year) | 9.0d left)
 Current iteration: 96    (0.00/10.29y |  0.0% | 21.06h/(model year) | 9.0d left)
 Current iteration: 97    (0.00/10.29y |  0.0% | 21.10h/(model year) | 9.0d left)
 Current iteration: 98    (0.00/10.29y |  0.0% | 21.26h/(model year) | 9.1d left)
 Current iteration: 99    (0.00/10.29y |  0.0% | 21.30h/(model year) | 9.1d left)
 Current iteration: 100   (0.00/10.29y |  0.0% | 21.42h/(model year) | 9.2d left)
 Current iteration: 101   (0.00/10.29y |  0.0% | 21.46h/(model year) | 9.2d left)
 Current iteration: 102   (0.00/10.29y |  0.0% | 21.50h/(model year) | 9.2d left)
 Current iteration: 103   (0.00/10.29y |  0.0% | 21.54h/(model year) | 9.2d left)
 Current iteration: 104   (0.00/10.29y |  0.0% | 21.58h/(model year) | 9.2d left)
 Current iteration: 105   (0.00/10.29y |  0.0% | 21.61h/(model year) | 9.3d left)
 Current iteration: 106   (0.00/10.29y |  0.0% | 21.63h/(model year) | 9.3d left)
 Current iteration: 107   (0.00/10.29y |  0.0% | 21.69h/(model year) | 9.3d left)
 Current iteration: 108   (0.00/10.29y |  0.0% | 21.72h/(model year) | 9.3d left)
 Current iteration: 109   (0.00/10.29y |  0.0% | 21.74h/(model year) | 9.3d left)
 Current iteration: 110   (0.00/10.29y |  0.0% | 21.84h/(model year) | 9.4d left)
 Current iteration: 111   (0.00/10.29y |  0.0% | 21.86h/(model year) | 9.4d left)
 Current iteration: 112   (0.00/10.29y |  0.0% | 21.89h/(model year) | 9.4d left)
 Current iteration: 113   (0.00/10.29y |  0.0% | 21.92h/(model year) | 9.4d left)
 Current iteration: 114   (0.00/10.29y |  0.0% | 21.95h/(model year) | 9.4d left)
 Current iteration: 115   (0.00/10.29y |  0.0% | 21.97h/(model year) | 9.4d left)
 Current iteration: 116   (0.00/10.29y |  0.0% | 22.03h/(model year) | 9.4d left)
 Current iteration: 117   (0.00/10.29y |  0.0% | 22.05h/(model year) | 9.4d left)
 Current iteration: 118   (0.00/10.29y |  0.0% | 22.06h/(model year) | 9.5d left)
 Current iteration: 119   (0.00/10.29y |  0.0% | 22.06h/(model year) | 9.5d left)
 Current iteration: 120   (0.00/10.29y |  0.0% | 22.21h/(model year) | 9.5d left)
 Current iteration: 121   (0.00/10.29y |  0.0% | 22.27h/(model year) | 9.5d left)
 Current iteration: 122   (0.00/10.29y |  0.0% | 22.31h/(model year) | 9.6d left)
 Current iteration: 123   (0.00/10.29y |  0.0% | 22.35h/(model year) | 9.6d left)
 Current iteration: 124   (0.00/10.29y |  0.0% | 22.38h/(model year) | 9.6d left)
 Current iteration: 125   (0.00/10.29y |  0.0% | 22.39h/(model year) | 9.6d left)
 Current iteration: 126   (0.00/10.29y |  0.0% | 22.43h/(model year) | 9.6d left)
 Current iteration: 127   (0.00/10.29y |  0.0% | 22.48h/(model year) | 9.6d left)
 Current iteration: 128   (0.00/10.29y |  0.0% | 22.50h/(model year) | 9.6d left)
 Current iteration: 129   (0.00/10.29y |  0.0% | 22.52h/(model year) | 9.7d left)
 Current iteration: 130   (0.00/10.29y |  0.0% | 22.58h/(model year) | 9.7d left)
 Current iteration: 131   (0.00/10.29y |  0.0% | 22.65h/(model year) | 9.7d left)
 Current iteration: 132   (0.00/10.29y |  0.0% | 22.67h/(model year) | 9.7d left)
 Current iteration: 133   (0.00/10.29y |  0.0% | 22.67h/(model year) | 9.7d left)
 Current iteration: 134   (0.00/10.29y |  0.0% | 22.68h/(model year) | 9.7d left)
 Current iteration: 135   (0.00/10.29y |  0.0% | 22.68h/(model year) | 9.7d left)
 Current iteration: 136   (0.00/10.29y |  0.0% | 22.68h/(model year) | 9.7d left)
 Current iteration: 137   (0.00/10.29y |  0.0% | 22.72h/(model year) | 9.7d left)
 Current iteration: 138   (0.00/10.29y |  0.0% | 22.76h/(model year) | 9.8d left)
 Current iteration: 139   (0.00/10.29y |  0.0% | 22.79h/(model year) | 9.8d left)
 Current iteration: 140   (0.00/10.29y |  0.0% | 22.83h/(model year) | 9.8d left)
 Current iteration: 141   (0.00/10.29y |  0.0% | 22.86h/(model year) | 9.8d left)
 Current iteration: 142   (0.00/10.29y |  0.0% | 22.91h/(model year) | 9.8d left)
 Current iteration: 143   (0.00/10.29y |  0.0% | 22.93h/(model year) | 9.8d left)
 Current iteration: 144   (0.00/10.29y |  0.0% | 22.95h/(model year) | 9.8d left)
 Current iteration: 145   (0.00/10.29y |  0.0% | 22.97h/(model year) | 9.8d left)
 Current iteration: 146   (0.00/10.29y |  0.0% | 22.99h/(model year) | 9.9d left)
 Current iteration: 147   (0.00/10.29y |  0.0% | 23.00h/(model year) | 9.9d left)
 Current iteration: 148   (0.00/10.29y |  0.0% | 23.04h/(model year) | 9.9d left)
 Current iteration: 149   (0.00/10.29y |  0.0% | 23.09h/(model year) | 9.9d left)
 Current iteration: 150   (0.00/10.29y |  0.0% | 23.16h/(model year) | 9.9d left)
 Current iteration: 151   (0.00/10.29y |  0.0% | 23.16h/(model year) | 9.9d left)
 Current iteration: 152   (0.00/10.29y |  0.0% | 23.15h/(model year) | 9.9d left)
 Current iteration: 153   (0.00/10.29y |  0.0% | 23.14h/(model year) | 9.9d left)
 Current iteration: 154   (0.00/10.29y |  0.0% | 23.14h/(model year) | 9.9d left)
 Current iteration: 155   (0.00/10.29y |  0.0% | 23.13h/(model year) | 9.9d left)
 Current iteration: 156   (0.00/10.29y |  0.0% | 23.11h/(model year) | 9.9d left)
 Current iteration: 157   (0.00/10.29y |  0.0% | 23.08h/(model year) | 9.9d left)
 Current iteration: 158   (0.00/10.29y |  0.0% | 23.07h/(model year) | 9.9d left)
 Current iteration: 159   (0.00/10.29y |  0.0% | 23.07h/(model year) | 9.9d left)
 Current iteration: 160   (0.00/10.29y |  0.0% | 23.09h/(model year) | 9.9d left)
 Current iteration: 161   (0.00/10.29y |  0.0% | 23.07h/(model year) | 9.9d left)
 Current iteration: 162   (0.00/10.29y |  0.0% | 23.09h/(model year) | 9.9d left)
 Current iteration: 163   (0.00/10.29y |  0.0% | 23.09h/(model year) | 9.9d left)
 Current iteration: 164   (0.00/10.29y |  0.0% | 23.08h/(model year) | 9.9d left)
 Current iteration: 165   (0.00/10.29y |  0.0% | 23.08h/(model year) | 9.9d left)
 Current iteration: 166   (0.00/10.29y |  0.0% | 23.07h/(model year) | 9.9d left)
 Current iteration: 167   (0.00/10.29y |  0.0% | 23.05h/(model year) | 9.9d left)
 Current iteration: 168   (0.00/10.29y |  0.0% | 23.05h/(model year) | 9.9d left)
 Current iteration: 169   (0.00/10.29y |  0.0% | 23.06h/(model year) | 9.9d left)
 Current iteration: 170   (0.00/10.29y |  0.0% | 23.08h/(model year) | 9.9d left)
 Current iteration: 171   (0.00/10.29y |  0.0% | 23.07h/(model year) | 9.9d left)
 Current iteration: 172   (0.00/10.29y |  0.0% | 23.05h/(model year) | 9.9d left)
 Current iteration: 173   (0.00/10.29y |  0.0% | 23.05h/(model year) | 9.9d left)
 Current iteration: 174   (0.00/10.29y |  0.0% | 23.04h/(model year) | 9.9d left)
 Current iteration: 175   (0.00/10.29y |  0.0% | 23.05h/(model year) | 9.9d left)
 Current iteration: 176   (0.00/10.29y |  0.0% | 23.03h/(model year) | 9.9d left)
 Current iteration: 177   (0.00/10.29y |  0.0% | 23.01h/(model year) | 9.9d left)
 Current iteration: 178   (0.00/10.29y |  0.0% | 23.00h/(model year) | 9.9d left)
 Current iteration: 179   (0.00/10.29y |  0.0% | 22.99h/(model year) | 9.9d left)
 Current iteration: 180   (0.00/10.29y |  0.0% | 23.02h/(model year) | 9.9d left)
 Current iteration: 181   (0.00/10.29y |  0.0% | 23.00h/(model year) | 9.9d left)
 Current iteration: 182   (0.00/10.29y |  0.0% | 23.00h/(model year) | 9.9d left)
 Current iteration: 183   (0.00/10.29y |  0.0% | 22.99h/(model year) | 9.9d left)
 Current iteration: 184   (0.00/10.29y |  0.0% | 22.98h/(model year) | 9.8d left)
 Current iteration: 185   (0.00/10.29y |  0.0% | 22.99h/(model year) | 9.9d left)
 Current iteration: 186   (0.00/10.29y |  0.0% | 22.98h/(model year) | 9.8d left)
 Current iteration: 187   (0.00/10.29y |  0.0% | 22.97h/(model year) | 9.8d left)
 Current iteration: 188   (0.00/10.29y |  0.0% | 22.96h/(model year) | 9.8d left)
 Current iteration: 189   (0.00/10.29y |  0.0% | 22.95h/(model year) | 9.8d left)
 Current iteration: 190   (0.00/10.29y |  0.0% | 22.97h/(model year) | 9.8d left)
 Current iteration: 191   (0.00/10.29y |  0.0% | 22.97h/(model year) | 9.8d left)
 Current iteration: 192   (0.00/10.29y |  0.0% | 22.95h/(model year) | 9.8d left)
 Current iteration: 193   (0.00/10.29y |  0.0% | 22.94h/(model year) | 9.8d left)
 Current iteration: 194   (0.00/10.29y |  0.0% | 22.93h/(model year) | 9.8d left)
 Current iteration: 195   (0.00/10.29y |  0.0% | 22.94h/(model year) | 9.8d left)
 Current iteration: 196   (0.00/10.29y |  0.0% | 22.93h/(model year) | 9.8d left)
 Current iteration: 197   (0.00/10.29y |  0.0% | 22.92h/(model year) | 9.8d left)
 Current iteration: 198   (0.00/10.29y |  0.0% | 22.91h/(model year) | 9.8d left)
 Current iteration: 199   (0.00/10.29y |  0.0% | 22.91h/(model year) | 9.8d left)
 Current iteration: 200   (0.00/10.29y |  0.0% | 22.93h/(model year) | 9.8d left)
 Current iteration: 201   (0.00/10.29y |  0.0% | 22.95h/(model year) | 9.8d left)
 Current iteration: 202   (0.00/10.29y |  0.0% | 22.94h/(model year) | 9.8d left)
 Current iteration: 203   (0.00/10.29y |  0.0% | 22.94h/(model year) | 9.8d left)
 Current iteration: 204   (0.00/10.29y |  0.0% | 22.94h/(model year) | 9.8d left)
 Current iteration: 205   (0.00/10.29y |  0.0% | 22.94h/(model year) | 9.8d left)
 Current iteration: 206   (0.00/10.29y |  0.0% | 22.95h/(model year) | 9.8d left)
 Current iteration: 207   (0.00/10.29y |  0.0% | 22.95h/(model year) | 9.8d left)
 Current iteration: 208   (0.00/10.29y |  0.0% | 22.95h/(model year) | 9.8d left)
 Current iteration: 209   (0.00/10.29y |  0.0% | 22.95h/(model year) | 9.8d left)
 Current iteration: 210   (0.00/10.29y |  0.0% | 22.97h/(model year) | 9.8d left)
 Current iteration: 211   (0.00/10.29y |  0.0% | 22.97h/(model year) | 9.8d left)
 Current iteration: 212   (0.00/10.29y |  0.0% | 22.97h/(model year) | 9.8d left)
 Current iteration: 213   (0.00/10.29y |  0.0% | 22.96h/(model year) | 9.8d left)
 Current iteration: 214   (0.00/10.29y |  0.0% | 22.96h/(model year) | 9.8d left)
 Current iteration: 215   (0.00/10.29y |  0.0% | 22.96h/(model year) | 9.8d left)
 Current iteration: 216   (0.00/10.29y |  0.0% | 22.96h/(model year) | 9.8d left)
 Current iteration: 217   (0.00/10.29y |  0.0% | 22.96h/(model year) | 9.8d left)
 Current iteration: 218   (0.00/10.29y |  0.0% | 22.99h/(model year) | 9.9d left)
 Current iteration: 219   (0.00/10.29y |  0.0% | 23.00h/(model year) | 9.9d left)
 Current iteration: 220   (0.00/10.29y |  0.0% | 23.03h/(model year) | 9.9d left)
 Current iteration: 221   (0.00/10.29y |  0.0% | 23.06h/(model year) | 9.9d left)
 Current iteration: 222   (0.00/10.29y |  0.0% | 23.08h/(model year) | 9.9d left)
 Current iteration: 223   (0.00/10.29y |  0.0% | 23.08h/(model year) | 9.9d left)
 Current iteration: 224   (0.00/10.29y |  0.0% | 23.09h/(model year) | 9.9d left)
 Current iteration: 225   (0.00/10.29y |  0.0% | 23.08h/(model year) | 9.9d left)
 Current iteration: 226   (0.00/10.29y |  0.0% | 23.07h/(model year) | 9.9d left)
 Current iteration: 227   (0.00/10.29y |  0.0% | 23.09h/(model year) | 9.9d left)
 Current iteration: 228   (0.00/10.29y |  0.0% | 23.11h/(model year) | 9.9d left)
 Current iteration: 229   (0.00/10.29y |  0.0% | 23.14h/(model year) | 9.9d left)
 Current iteration: 230   (0.00/10.29y |  0.0% | 23.18h/(model year) | 9.9d left)
 Current iteration: 231   (0.00/10.29y |  0.0% | 23.22h/(model year) | 10.0d left)
 Current iteration: 232   (0.00/10.29y |  0.0% | 23.24h/(model year) | 10.0d left)
 Current iteration: 233   (0.00/10.29y |  0.0% | 23.27h/(model year) | 10.0d left)
srun: Job step aborted: Waiting up to 17 seconds for job step to finish.
slurmstepd: error: *** STEP 8166333.0 ON cn121 CANCELLED AT 2024-07-05T18:23:34 ***
slurmstepd: error: *** JOB 8166333 ON cn121 CANCELLED AT 2024-07-05T18:23:34 ***
